[2m2022-11-22 23:46:25.668[0;39m [32m INFO[0;39m [35m18676[0;39m [2m---[0;39m [2m[           main][0;39m [36mo.s.b.w.embedded.tomcat.TomcatWebServer [0;39m [2m:[0;39m Tomcat initialized with port(s): 9999 (http)
[2m2022-11-22 23:46:25.727[0;39m [32m INFO[0;39m [35m18676[0;39m [2m---[0;39m [2m[           main][0;39m [36mw.s.c.ServletWebServerApplicationContext[0;39m [2m:[0;39m Root WebApplicationContext: initialization completed in 689 ms
[2m2022-11-22 23:46:26.222[0;39m [32m INFO[0;39m [35m18676[0;39m [2m---[0;39m [2m[           main][0;39m [36mo.s.b.w.embedded.tomcat.TomcatWebServer [0;39m [2m:[0;39m Tomcat started on port(s): 9999 (http) with context path '/vue'
[2m2022-11-22 23:46:35.867[0;39m [32m INFO[0;39m [35m18676[0;39m [2m---[0;39m [2m[nio-9999-exec-1][0;39m [36mo.s.web.servlet.DispatcherServlet       [0;39m [2m:[0;39m Initializing Servlet 'dispatcherServlet'
[2m2022-11-22 23:46:35.869[0;39m [32m INFO[0;39m [35m18676[0;39m [2m---[0;39m [2m[nio-9999-exec-1][0;39m [36mo.s.web.servlet.DispatcherServlet       [0;39m [2m:[0;39m Completed initialization in 1 ms
[2m2022-11-22 23:46:35.889[0;39m [32m INFO[0;39m [35m18676[0;39m [2m---[0;39m [2m[nio-9999-exec-1][0;39m [36mc.ssafy.vue.controller.BoardController  [0;39m [2m:[0;39m listWishId - 호출
[2m2022-11-22 23:46:36.877[0;39m [31mERROR[0;39m [35m18676[0;39m [2m---[0;39m [2m[nio-9999-exec-3][0;39m [36mc.s.vue.model.service.JwtServiceImpl    [0;39m [2m:[0;39m JWT expired at 2022-11-22T23:35:42Z. Current time: 2022-11-22T23:46:36Z, a difference of 654877 milliseconds.  Allowed clock skew: 0 milliseconds.
[2m2022-11-22 23:46:36.878[0;39m [31mERROR[0;39m [35m18676[0;39m [2m---[0;39m [2m[nio-9999-exec-3][0;39m [36mc.ssafy.vue.controller.MemberController [0;39m [2m:[0;39m 사용 불가능 토큰!!!
[2m2022-11-22 23:46:36.898[0;39m [32mDEBUG[0;39m [35m18676[0;39m [2m---[0;39m [2m[nio-9999-exec-4][0;39m [36mc.ssafy.vue.controller.MemberController [0;39m [2m:[0;39m token : eyJ0eXAiOiJKV1QiLCJyZWdEYXRlIjoxNjY5MTI3NzMyMDQ2LCJhbGciOiJIUzI1NiJ9.eyJleHAiOjE2NjkxMjc3NjIsInN1YiI6InJlZnJlc2gtdG9rZW4iLCJ1c2VyaWQiOiJzc2FmeSJ9.OoQ_xuQoH9p5z7x8EVLkM5enfZ42eKK8A5DZsp-mStk, memberDto : com.ssafy.vue.model.MemberDto@2b669374
[2m2022-11-22 23:46:36.899[0;39m [31mERROR[0;39m [35m18676[0;39m [2m---[0;39m [2m[nio-9999-exec-4][0;39m [36mc.s.vue.model.service.JwtServiceImpl    [0;39m [2m:[0;39m JWT expired at 2022-11-22T23:36:02Z. Current time: 2022-11-22T23:46:36Z, a difference of 634899 milliseconds.  Allowed clock skew: 0 milliseconds.
[2m2022-11-22 23:46:36.899[0;39m [32mDEBUG[0;39m [35m18676[0;39m [2m---[0;39m [2m[nio-9999-exec-4][0;39m [36mc.ssafy.vue.controller.MemberController [0;39m [2m:[0;39m 리프레쉬토큰도 사용불!!!!!!!
[2m2022-11-22 23:46:38.214[0;39m [32mDEBUG[0;39m [35m18676[0;39m [2m---[0;39m [2m[nio-9999-exec-4][0;39m [36mc.ssafy.vue.controller.MemberController [0;39m [2m:[0;39m 로그인 accessToken 정보 : eyJ0eXAiOiJKV1QiLCJyZWdEYXRlIjoxNjY5MTI4Mzk4MjA2LCJhbGciOiJIUzI1NiJ9.eyJleHAiOjE2NjkxMjg0MDgsInN1YiI6ImFjY2Vzcy10b2tlbiIsInVzZXJpZCI6InNzYWZ5In0.xt-WjiVB4zZqhzCQ6WO9efe3TkqXwWmn9yKNQwHb5kA
[2m2022-11-22 23:46:38.214[0;39m [32mDEBUG[0;39m [35m18676[0;39m [2m---[0;39m [2m[nio-9999-exec-4][0;39m [36mc.ssafy.vue.controller.MemberController [0;39m [2m:[0;39m 로그인 refreshToken 정보 : eyJ0eXAiOiJKV1QiLCJyZWdEYXRlIjoxNjY5MTI4Mzk4MjEwLCJhbGciOiJIUzI1NiJ9.eyJleHAiOjE2NjkxMjg0MjgsInN1YiI6InJlZnJlc2gtdG9rZW4iLCJ1c2VyaWQiOiJzc2FmeSJ9.LnAWHzHi4vCOTV-1LvDmgWBnZOx9SROf4cI1w4TWWjQ
[2m2022-11-22 23:46:38.227[0;39m [32m INFO[0;39m [35m18676[0;39m [2m---[0;39m [2m[nio-9999-exec-6][0;39m [36mc.ssafy.vue.controller.MemberController [0;39m [2m:[0;39m 사용 가능한 토큰!!!
[2m2022-11-22 23:46:43.252[0;39m [32m INFO[0;39m [35m18676[0;39m [2m---[0;39m [2m[io-9999-exec-10][0;39m [36mc.ssafy.vue.controller.BoardController  [0;39m [2m:[0;39m listWishId - 호출
[2m2022-11-22 23:46:44.784[0;39m [32m INFO[0;39m [35m18676[0;39m [2m---[0;39m [2m[nio-9999-exec-2][0;39m [36mc.ssafy.vue.controller.MemberController [0;39m [2m:[0;39m 사용 가능한 토큰!!!
[2m2022-11-22 23:46:45.590[0;39m [32m INFO[0;39m [35m18676[0;39m [2m---[0;39m [2m[nio-9999-exec-7][0;39m [36mc.ssafy.vue.controller.BoardController  [0;39m [2m:[0;39m listWishId - 호출
[2m2022-11-22 23:47:37.230[0;39m [32mDEBUG[0;39m [35m18676[0;39m [2m---[0;39m [2m[nio-9999-exec-3][0;39m [36mc.ssafy.vue.controller.MemberController [0;39m [2m:[0;39m 로그인 accessToken 정보 : eyJ0eXAiOiJKV1QiLCJyZWdEYXRlIjoxNjY5MTI4NDU3MjE5LCJhbGciOiJIUzI1NiJ9.eyJleHAiOjE2NjkxMjg0NjcsInN1YiI6ImFjY2Vzcy10b2tlbiIsInVzZXJpZCI6InNzYWZ5In0.5D5nSYekk1F7dhCKzMctKclrZv2hcSXpuPCqxbhjd7Q
[2m2022-11-22 23:47:37.230[0;39m [32mDEBUG[0;39m [35m18676[0;39m [2m---[0;39m [2m[nio-9999-exec-3][0;39m [36mc.ssafy.vue.controller.MemberController [0;39m [2m:[0;39m 로그인 refreshToken 정보 : eyJ0eXAiOiJKV1QiLCJyZWdEYXRlIjoxNjY5MTI4NDU3MjE5LCJhbGciOiJIUzI1NiJ9.eyJleHAiOjE2NjkxMjg0ODcsInN1YiI6InJlZnJlc2gtdG9rZW4iLCJ1c2VyaWQiOiJzc2FmeSJ9.d6N3Wbz1E3nBsJIVyR0FUYgsZFULcrhiWUMl9VVis6E
[2m2022-11-22 23:47:37.243[0;39m [32m INFO[0;39m [35m18676[0;39m [2m---[0;39m [2m[nio-9999-exec-8][0;39m [36mc.ssafy.vue.controller.MemberController [0;39m [2m:[0;39m 사용 가능한 토큰!!!
[2m2022-11-22 23:48:09.002[0;39m [32m INFO[0;39m [35m18676[0;39m [2m---[0;39m [2m[nio-9999-exec-6][0;39m [36mc.ssafy.vue.controller.BoardController  [0;39m [2m:[0;39m listWishId - 호출
[2m2022-11-22 23:57:31.774[0;39m [32m INFO[0;39m [35m18676[0;39m [2m---[0;39m [2m[io-9999-exec-10][0;39m [36mc.ssafy.vue.controller.BoardController  [0;39m [2m:[0;39m listArticle - 호출
[2m2022-11-22 23:57:31.780[0;39m [32m INFO[0;39m [35m18676[0;39m [2m---[0;39m [2m[nio-9999-exec-3][0;39m [36mc.s.vue.controller.TrafficController    [0;39m [2m:[0;39m listBusStop - 호출
[2m2022-11-22 23:57:31.780[0;39m [32m INFO[0;39m [35m18676[0;39m [2m---[0;39m [2m[nio-9999-exec-8][0;39m [36mc.s.vue.controller.TrafficController    [0;39m [2m:[0;39m listSubway - 호출
[2m2022-11-22 23:57:39.371[0;39m [32m INFO[0;39m [35m18676[0;39m [2m---[0;39m [2m[nio-9999-exec-6][0;39m [36mc.ssafy.vue.controller.BoardController  [0;39m [2m:[0;39m listArticle - 호출
[2m2022-11-22 23:57:39.377[0;39m [32m INFO[0;39m [35m18676[0;39m [2m---[0;39m [2m[nio-9999-exec-1][0;39m [36mc.s.vue.controller.TrafficController    [0;39m [2m:[0;39m listBusStop - 호출
[2m2022-11-22 23:57:39.377[0;39m [32m INFO[0;39m [35m18676[0;39m [2m---[0;39m [2m[nio-9999-exec-5][0;39m [36mc.s.vue.controller.TrafficController    [0;39m [2m:[0;39m listSubway - 호출
[2m2022-11-22 23:57:42.089[0;39m [32m INFO[0;39m [35m18676[0;39m [2m---[0;39m [2m[nio-9999-exec-7][0;39m [36mc.ssafy.vue.controller.BoardController  [0;39m [2m:[0;39m listWishId - 호출
[2m2022-11-22 23:57:43.396[0;39m [32m INFO[0;39m [35m18676[0;39m [2m---[0;39m [2m[nio-9999-exec-6][0;39m [36mc.ssafy.vue.controller.BoardController  [0;39m [2m:[0;39m listWishId - 호출
[2m2022-11-22 23:59:09.399[0;39m [32m INFO[0;39m [35m18676[0;39m [2m---[0;39m [2m[nio-9999-exec-7][0;39m [36mc.ssafy.vue.controller.BoardController  [0;39m [2m:[0;39m listWishId - 호출
[2m2022-11-22 23:59:10.403[0;39m [32m INFO[0;39m [35m18676[0;39m [2m---[0;39m [2m[nio-9999-exec-5][0;39m [36mc.ssafy.vue.controller.BoardController  [0;39m [2m:[0;39m listArticle - 호출
[2m2022-11-22 23:59:10.409[0;39m [32m INFO[0;39m [35m18676[0;39m [2m---[0;39m [2m[nio-9999-exec-9][0;39m [36mc.s.vue.controller.TrafficController    [0;39m [2m:[0;39m listBusStop - 호출
[2m2022-11-22 23:59:10.409[0;39m [32m INFO[0;39m [35m18676[0;39m [2m---[0;39m [2m[nio-9999-exec-2][0;39m [36mc.s.vue.controller.TrafficController    [0;39m [2m:[0;39m listSubway - 호출
[2m2022-11-22 23:59:13.556[0;39m [32m INFO[0;39m [35m18676[0;39m [2m---[0;39m [2m[nio-9999-exec-3][0;39m [36mc.ssafy.vue.controller.BoardController  [0;39m [2m:[0;39m listArticle - 호출
[2m2022-11-22 23:59:13.562[0;39m [32m INFO[0;39m [35m18676[0;39m [2m---[0;39m [2m[nio-9999-exec-5][0;39m [36mc.s.vue.controller.TrafficController    [0;39m [2m:[0;39m listSubway - 호출
[2m2022-11-22 23:59:13.562[0;39m [32m INFO[0;39m [35m18676[0;39m [2m---[0;39m [2m[nio-9999-exec-7][0;39m [36mc.s.vue.controller.TrafficController    [0;39m [2m:[0;39m listBusStop - 호출
[2m2022-11-22 23:59:27.113[0;39m [32m INFO[0;39m [35m18676[0;39m [2m---[0;39m [2m[nio-9999-exec-6][0;39m [36mc.ssafy.vue.controller.BoardController  [0;39m [2m:[0;39m listWishId - 호출
[2m2022-11-22 23:59:27.655[0;39m [32m INFO[0;39m [35m18676[0;39m [2m---[0;39m [2m[nio-9999-exec-7][0;39m [36mc.ssafy.vue.controller.BoardController  [0;39m [2m:[0;39m listArticle - 호출
[2m2022-11-22 23:59:27.661[0;39m [32m INFO[0;39m [35m18676[0;39m [2m---[0;39m [2m[nio-9999-exec-6][0;39m [36mc.s.vue.controller.TrafficController    [0;39m [2m:[0;39m listSubway - 호출
[2m2022-11-22 23:59:27.661[0;39m [32m INFO[0;39m [35m18676[0;39m [2m---[0;39m [2m[io-9999-exec-10][0;39m [36mc.s.vue.controller.TrafficController    [0;39m [2m:[0;39m listBusStop - 호출
[2m2022-11-22 23:59:30.763[0;39m [32m INFO[0;39m [35m18676[0;39m [2m---[0;39m [2m[nio-9999-exec-7][0;39m [36mc.ssafy.vue.controller.BoardController  [0;39m [2m:[0;39m listArticle - 호출
[2m2022-11-22 23:59:30.768[0;39m [32m INFO[0;39m [35m18676[0;39m [2m---[0;39m [2m[nio-9999-exec-6][0;39m [36mc.s.vue.controller.TrafficController    [0;39m [2m:[0;39m listBusStop - 호출
[2m2022-11-22 23:59:30.769[0;39m [32m INFO[0;39m [35m18676[0;39m [2m---[0;39m [2m[nio-9999-exec-9][0;39m [36mc.s.vue.controller.TrafficController    [0;39m [2m:[0;39m listSubway - 호출
