[2m2022-11-10 00:57:15.425[0;39m [32m INFO[0;39m [35m8002[0;39m [2m---[0;39m [2m[nio-9999-exec-5][0;39m [36mc.ssafy.vue.controller.BoardController  [0;39m [2m:[0;39m writeArticle - í˜¸ì¶œ
[2m2022-11-10 00:59:37.723[0;39m [32m INFO[0;39m [35m8002[0;39m [2m---[0;39m [2m[nio-9999-exec-7][0;39m [36mc.ssafy.vue.controller.BoardController  [0;39m [2m:[0;39m writeArticle - í˜¸ì¶œ
[2m2022-11-10 01:00:43.245[0;39m [32m INFO[0;39m [35m8002[0;39m [2m---[0;39m [2m[io-9999-exec-10][0;39m [36mc.ssafy.vue.controller.BoardController  [0;39m [2m:[0;39m writeArticle - í˜¸ì¶œ
[2m2022-11-10 01:01:43.211[0;39m [32m INFO[0;39m [35m8002[0;39m [2m---[0;39m [2m[nio-9999-exec-2][0;39m [36mc.ssafy.vue.controller.BoardController  [0;39m [2m:[0;39m listArticle - í˜¸ì¶œ
[2m2022-11-10 01:03:29.560[0;39m [32m INFO[0;39m [35m8002[0;39m [2m---[0;39m [2m[nio-9999-exec-3][0;39m [36mc.ssafy.vue.controller.BoardController  [0;39m [2m:[0;39m getArticle - í˜¸ì¶œ : 10
[2m2022-11-10 01:03:29.570[0;39m [32m INFO[0;39m [35m8002[0;39m [2m---[0;39m [2m[nio-9999-exec-4][0;39m [36mc.ssafy.vue.controller.BoardController  [0;39m [2m:[0;39m listArticle - í˜¸ì¶œ
[2m2022-11-10 01:03:33.342[0;39m [32m INFO[0;39m [35m8002[0;39m [2m---[0;39m [2m[nio-9999-exec-6][0;39m [36mc.ssafy.vue.controller.BoardController  [0;39m [2m:[0;39m getArticle - í˜¸ì¶œ : 7
[2m2022-11-10 01:03:36.238[0;39m [32m INFO[0;39m [35m8002[0;39m [2m---[0;39m [2m[nio-9999-exec-5][0;39m [36mc.ssafy.vue.controller.BoardController  [0;39m [2m:[0;39m listArticle - í˜¸ì¶œ
[2m2022-11-10 01:03:39.902[0;39m [32m INFO[0;39m [35m8002[0;39m [2m---[0;39m [2m[nio-9999-exec-8][0;39m [36mc.ssafy.vue.controller.BoardController  [0;39m [2m:[0;39m getArticle - í˜¸ì¶œ : 4
[2m2022-11-10 01:03:42.250[0;39m [32m INFO[0;39m [35m8002[0;39m [2m---[0;39m [2m[nio-9999-exec-7][0;39m [36mc.ssafy.vue.controller.BoardController  [0;39m [2m:[0;39m listArticle - í˜¸ì¶œ
[2m2022-11-10 01:05:35.997[0;39m [32m INFO[0;39m [35m8002[0;39m [2m---[0;39m [2m[nio-9999-exec-2][0;39m [36mc.ssafy.vue.controller.BoardController  [0;39m [2m:[0;39m listArticle - í˜¸ì¶œ
[2m2022-11-10 01:05:36.006[0;39m [32m INFO[0;39m [35m8002[0;39m [2m---[0;39m [2m[nio-9999-exec-1][0;39m [36mc.ssafy.vue.controller.BoardController  [0;39m [2m:[0;39m getArticle - í˜¸ì¶œ : 10
[2m2022-11-10 01:05:39.767[0;39m [32m INFO[0;39m [35m8002[0;39m [2m---[0;39m [2m[nio-9999-exec-3][0;39m [36mc.ssafy.vue.controller.BoardController  [0;39m [2m:[0;39m getArticle - í˜¸ì¶œ : 7
[2m2022-11-10 01:05:41.728[0;39m [32m INFO[0;39m [35m8002[0;39m [2m---[0;39m [2m[nio-9999-exec-4][0;39m [36mc.ssafy.vue.controller.BoardController  [0;39m [2m:[0;39m getArticle - í˜¸ì¶œ : 7
[2m2022-11-10 01:07:26.010[0;39m [32m INFO[0;39m [35m8002[0;39m [2m---[0;39m [2m[nio-9999-exec-8][0;39m [36mc.ssafy.vue.controller.BoardController  [0;39m [2m:[0;39m getArticle - í˜¸ì¶œ : 7
[2m2022-11-10 01:07:33.174[0;39m [33m WARN[0;39m [35m8002[0;39m [2m---[0;39m [2m[nio-9999-exec-9][0;39m [36m.w.s.m.s.DefaultHandlerExceptionResolver[0;39m [2m:[0;39m Resolved [org.springframework.web.HttpRequestMethodNotSupportedException: Request method 'PUT' not supported]
[2m2022-11-10 01:09:20.926[0;39m [32m INFO[0;39m [35m8002[0;39m [2m---[0;39m [2m[nio-9999-exec-2][0;39m [36mc.ssafy.vue.controller.BoardController  [0;39m [2m:[0;39m getArticle - í˜¸ì¶œ : 7
[2m2022-11-10 01:09:26.858[0;39m [32m INFO[0;39m [35m8002[0;39m [2m---[0;39m [2m[nio-9999-exec-1][0;39m [36mc.ssafy.vue.controller.BoardController  [0;39m [2m:[0;39m modifyArticle - í˜¸ì¶œ
[2m2022-11-10 01:09:31.035[0;39m [32m INFO[0;39m [35m8002[0;39m [2m---[0;39m [2m[nio-9999-exec-3][0;39m [36mc.ssafy.vue.controller.BoardController  [0;39m [2m:[0;39m listArticle - í˜¸ì¶œ
[2m2022-11-10 01:10:53.866[0;39m [32m INFO[0;39m [35m8002[0;39m [2m---[0;39m [2m[nio-9999-exec-6][0;39m [36mc.ssafy.vue.controller.BoardController  [0;39m [2m:[0;39m getArticle - í˜¸ì¶œ : 7
[2m2022-11-10 01:11:12.424[0;39m [32m INFO[0;39m [35m8002[0;39m [2m---[0;39m [2m[nio-9999-exec-5][0;39m [36mc.ssafy.vue.controller.BoardController  [0;39m [2m:[0;39m getArticle - í˜¸ì¶œ : 7
[2m2022-11-10 01:11:21.546[0;39m [32m INFO[0;39m [35m8002[0;39m [2m---[0;39m [2m[nio-9999-exec-8][0;39m [36mc.ssafy.vue.controller.BoardController  [0;39m [2m:[0;39m modifyArticle - í˜¸ì¶œ
[2m2022-11-10 01:11:25.350[0;39m [32m INFO[0;39m [35m8002[0;39m [2m---[0;39m [2m[nio-9999-exec-7][0;39m [36mc.ssafy.vue.controller.BoardController  [0;39m [2m:[0;39m listArticle - í˜¸ì¶œ
[2m2022-11-10 01:12:37.270[0;39m [32m INFO[0;39m [35m8002[0;39m [2m---[0;39m [2m[io-9999-exec-10][0;39m [36mc.ssafy.vue.controller.BoardController  [0;39m [2m:[0;39m listArticle - í˜¸ì¶œ
[2m2022-11-10 01:12:40.129[0;39m [32m INFO[0;39m [35m8002[0;39m [2m---[0;39m [2m[nio-9999-exec-2][0;39m [36mc.ssafy.vue.controller.BoardController  [0;39m [2m:[0;39m getArticle - í˜¸ì¶œ : 7
[2m2022-11-10 01:12:43.683[0;39m [32m INFO[0;39m [35m8002[0;39m [2m---[0;39m [2m[nio-9999-exec-1][0;39m [36mc.ssafy.vue.controller.BoardController  [0;39m [2m:[0;39m getArticle - í˜¸ì¶œ : 7
[2m2022-11-10 01:12:48.649[0;39m [32m INFO[0;39m [35m8002[0;39m [2m---[0;39m [2m[nio-9999-exec-3][0;39m [36mc.ssafy.vue.controller.BoardController  [0;39m [2m:[0;39m modifyArticle - í˜¸ì¶œ
[2m2022-11-10 01:12:53.917[0;39m [32m INFO[0;39m [35m8002[0;39m [2m---[0;39m [2m[(152)-127.0.0.1][0;39m [36minMXBeanRegistrar$SpringApplicationAdmin[0;39m [2m:[0;39m Application shutdown requested.
[2m2022-11-10 01:12:53.931[0;39m [33m WARN[0;39m [35m8002[0;39m [2m---[0;39m [2m[(152)-127.0.0.1][0;39m [36mo.a.c.loader.WebappClassLoaderBase      [0;39m [2m:[0;39m The web application [vue] appears to have started a thread named [HikariPool-1 housekeeper] but has failed to stop it. This is very likely to create a memory leak. Stack trace of thread:
 sun.misc.Unsafe.park(Native Method)
 java.util.concurrent.locks.LockSupport.parkNanos(LockSupport.java:215)
 java.util.concurrent.locks.AbstractQueuedSynchronizer$ConditionObject.awaitNanos(AbstractQueuedSynchronizer.java:2078)
 java.util.concurrent.ScheduledThreadPoolExecutor$DelayedWorkQueue.take(ScheduledThreadPoolExecutor.java:1093)
 java.util.concurrent.ScheduledThreadPoolExecutor$DelayedWorkQueue.take(ScheduledThreadPoolExecutor.java:809)
 java.util.concurrent.ThreadPoolExecutor.getTask(ThreadPoolExecutor.java:1074)
 java.util.concurrent.ThreadPoolExecutor.runWorker(ThreadPoolExecutor.java:1134)
 java.util.concurrent.ThreadPoolExecutor$Worker.run(ThreadPoolExecutor.java:624)
 java.lang.Thread.run(Thread.java:748)
[2m2022-11-10 01:13:02.062[0;39m [32m INFO[0;39m [35m11886[0;39m [2m---[0;39m [2m[           main][0;39m [36mo.s.b.w.embedded.tomcat.TomcatWebServer [0;39m [2m:[0;39m Tomcat initialized with port(s): 9999 (http)
[2m2022-11-10 01:13:02.153[0;39m [32m INFO[0;39m [35m11886[0;39m [2m---[0;39m [2m[           main][0;39m [36mw.s.c.ServletWebServerApplicationContext[0;39m [2m:[0;39m Root WebApplicationContext: initialization completed in 821 ms
[2m2022-11-10 01:13:02.752[0;39m [32m INFO[0;39m [35m11886[0;39m [2m---[0;39m [2m[           main][0;39m [36mo.s.b.w.embedded.tomcat.TomcatWebServer [0;39m [2m:[0;39m Tomcat started on port(s): 9999 (http) with context path '/vue'
[2m2022-11-10 01:13:33.282[0;39m [32m INFO[0;39m [35m11886[0;39m [2m---[0;39m [2m[nio-9999-exec-1][0;39m [36mo.s.web.servlet.DispatcherServlet       [0;39m [2m:[0;39m Initializing Servlet 'dispatcherServlet'
[2m2022-11-10 01:13:33.285[0;39m [32m INFO[0;39m [35m11886[0;39m [2m---[0;39m [2m[nio-9999-exec-1][0;39m [36mo.s.web.servlet.DispatcherServlet       [0;39m [2m:[0;39m Completed initialization in 1 ms
[2m2022-11-10 01:13:33.339[0;39m [32m INFO[0;39m [35m11886[0;39m [2m---[0;39m [2m[nio-9999-exec-1][0;39m [36mc.ssafy.vue.controller.BoardController  [0;39m [2m:[0;39m listArticle - í˜¸ì¶œ
[2m2022-11-10 01:13:49.572[0;39m [32m INFO[0;39m [35m11886[0;39m [2m---[0;39m [2m[nio-9999-exec-2][0;39m [36mc.ssafy.vue.controller.BoardController  [0;39m [2m:[0;39m listArticle - í˜¸ì¶œ
[2m2022-11-10 01:13:54.846[0;39m [32m INFO[0;39m [35m11886[0;39m [2m---[0;39m [2m[nio-9999-exec-3][0;39m [36mc.ssafy.vue.controller.BoardController  [0;39m [2m:[0;39m getArticle - í˜¸ì¶œ : 7
[2m2022-11-10 01:13:57.800[0;39m [32m INFO[0;39m [35m11886[0;39m [2m---[0;39m [2m[nio-9999-exec-4][0;39m [36mc.ssafy.vue.controller.BoardController  [0;39m [2m:[0;39m getArticle - í˜¸ì¶œ : 7
[2m2022-11-10 01:14:02.672[0;39m [32m INFO[0;39m [35m11886[0;39m [2m---[0;39m [2m[nio-9999-exec-5][0;39m [36mc.ssafy.vue.controller.BoardController  [0;39m [2m:[0;39m modifyArticle - í˜¸ì¶œ BoardDto [articleno=0, userid=null, subject=null, content=null, hit=0, regtime=null]
[2m2022-11-10 01:16:25.666[0;39m [32m INFO[0;39m [35m11886[0;39m [2m---[0;39m [2m[nio-9999-exec-7][0;39m [36mc.ssafy.vue.controller.BoardController  [0;39m [2m:[0;39m listArticle - í˜¸ì¶œ
[2m2022-11-10 01:16:48.836[0;39m [32m INFO[0;39m [35m11886[0;39m [2m---[0;39m [2m[nio-9999-exec-8][0;39m [36mc.ssafy.vue.controller.BoardController  [0;39m [2m:[0;39m listArticle - í˜¸ì¶œ
[2m2022-11-10 01:16:50.230[0;39m [32m INFO[0;39m [35m11886[0;39m [2m---[0;39m [2m[nio-9999-exec-9][0;39m [36mc.ssafy.vue.controller.BoardController  [0;39m [2m:[0;39m getArticle - í˜¸ì¶œ : 7
[2m2022-11-10 01:16:52.950[0;39m [32m INFO[0;39m [35m11886[0;39m [2m---[0;39m [2m[io-9999-exec-10][0;39m [36mc.ssafy.vue.controller.BoardController  [0;39m [2m:[0;39m getArticle - í˜¸ì¶œ : 7
[2m2022-11-10 01:16:59.057[0;39m [32m INFO[0;39m [35m11886[0;39m [2m---[0;39m [2m[nio-9999-exec-1][0;39m [36mc.ssafy.vue.controller.BoardController  [0;39m [2m:[0;39m modifyArticle - í˜¸ì¶œ BoardDto [articleno=7, userid=ssafy, subject=77799999, content=88899999, hit=13, regtime=2022-11-10 01:00:43]
[2m2022-11-10 01:17:00.745[0;39m [32m INFO[0;39m [35m11886[0;39m [2m---[0;39m [2m[nio-9999-exec-2][0;39m [36mc.ssafy.vue.controller.BoardController  [0;39m [2m:[0;39m listArticle - í˜¸ì¶œ
[2m2022-11-10 01:18:01.442[0;39m [32m INFO[0;39m [35m11886[0;39m [2m---[0;39m [2m[nio-9999-exec-4][0;39m [36mc.ssafy.vue.controller.BoardController  [0;39m [2m:[0;39m listArticle - í˜¸ì¶œ
[2m2022-11-10 01:18:07.332[0;39m [32m INFO[0;39m [35m11886[0;39m [2m---[0;39m [2m[nio-9999-exec-5][0;39m [36mc.ssafy.vue.controller.BoardController  [0;39m [2m:[0;39m getArticle - í˜¸ì¶œ : 7
[2m2022-11-10 01:18:09.869[0;39m [32m INFO[0;39m [35m11886[0;39m [2m---[0;39m [2m[nio-9999-exec-6][0;39m [36mc.ssafy.vue.controller.BoardController  [0;39m [2m:[0;39m deleteArticle - í˜¸ì¶œ
[2m2022-11-10 01:18:34.148[0;39m [32m INFO[0;39m [35m11886[0;39m [2m---[0;39m [2m[nio-9999-exec-7][0;39m [36mc.ssafy.vue.controller.BoardController  [0;39m [2m:[0;39m listArticle - í˜¸ì¶œ
[2m2022-11-10 01:18:35.698[0;39m [32m INFO[0;39m [35m11886[0;39m [2m---[0;39m [2m[nio-9999-exec-8][0;39m [36mc.ssafy.vue.controller.BoardController  [0;39m [2m:[0;39m getArticle - í˜¸ì¶œ : 6
[2m2022-11-10 01:18:38.253[0;39m [32m INFO[0;39m [35m11886[0;39m [2m---[0;39m [2m[io-9999-exec-10][0;39m [36mc.ssafy.vue.controller.BoardController  [0;39m [2m:[0;39m deleteArticle - í˜¸ì¶œ
[2m2022-11-10 01:18:39.979[0;39m [32m INFO[0;39m [35m11886[0;39m [2m---[0;39m [2m[nio-9999-exec-1][0;39m [36mc.ssafy.vue.controller.BoardController  [0;39m [2m:[0;39m listArticle - í˜¸ì¶œ
[2m2022-11-10 01:18:41.696[0;39m [32m INFO[0;39m [35m11886[0;39m [2m---[0;39m [2m[nio-9999-exec-2][0;39m [36mc.ssafy.vue.controller.BoardController  [0;39m [2m:[0;39m getArticle - í˜¸ì¶œ : 5
[2m2022-11-10 01:18:44.264[0;39m [32m INFO[0;39m [35m11886[0;39m [2m---[0;39m [2m[nio-9999-exec-3][0;39m [36mc.ssafy.vue.controller.BoardController  [0;39m [2m:[0;39m listArticle - í˜¸ì¶œ
[2m2022-11-10 01:19:00.061[0;39m [32m INFO[0;39m [35m11886[0;39m [2m---[0;39m [2m[nio-9999-exec-4][0;39m [36mc.ssafy.vue.controller.BoardController  [0;39m [2m:[0;39m writeArticle - í˜¸ì¶œ
[2m2022-11-10 01:19:01.447[0;39m [32m INFO[0;39m [35m11886[0;39m [2m---[0;39m [2m[nio-9999-exec-5][0;39m [36mc.ssafy.vue.controller.BoardController  [0;39m [2m:[0;39m listArticle - í˜¸ì¶œ
[2m2022-11-10 01:19:12.580[0;39m [32m INFO[0;39m [35m11886[0;39m [2m---[0;39m [2m[nio-9999-exec-6][0;39m [36mc.ssafy.vue.controller.BoardController  [0;39m [2m:[0;39m getArticle - í˜¸ì¶œ : 8
[2m2022-11-10 01:21:40.507[0;39m [32m INFO[0;39m [35m11886[0;39m [2m---[0;39m [2m[nio-9999-exec-8][0;39m [36mc.ssafy.vue.controller.BoardController  [0;39m [2m:[0;39m getArticle - í˜¸ì¶œ : 8
[2m2022-11-10 01:21:58.193[0;39m [32m INFO[0;39m [35m11886[0;39m [2m---[0;39m [2m[nio-9999-exec-9][0;39m [36mc.ssafy.vue.controller.BoardController  [0;39m [2m:[0;39m getArticle - í˜¸ì¶œ : 8
[2m2022-11-10 01:22:05.538[0;39m [32m INFO[0;39m [35m11886[0;39m [2m---[0;39m [2m[io-9999-exec-10][0;39m [36mc.ssafy.vue.controller.BoardController  [0;39m [2m:[0;39m listArticle - í˜¸ì¶œ
[2m2022-11-10 01:22:08.453[0;39m [32m INFO[0;39m [35m11886[0;39m [2m---[0;39m [2m[nio-9999-exec-1][0;39m [36mc.ssafy.vue.controller.BoardController  [0;39m [2m:[0;39m getArticle - í˜¸ì¶œ : 3
[2m2022-11-10 01:22:11.558[0;39m [32m INFO[0;39m [35m11886[0;39m [2m---[0;39m [2m[nio-9999-exec-2][0;39m [36mc.ssafy.vue.controller.BoardController  [0;39m [2m:[0;39m getArticle - í˜¸ì¶œ : 3
[2m2022-11-10 11:19:46.522[0;39m [32m INFO[0;39m [35m17928[0;39m [2m---[0;39m [2m[           main][0;39m [36mo.s.b.w.embedded.tomcat.TomcatWebServer [0;39m [2m:[0;39m Tomcat initialized with port(s): 9999 (http)
[2m2022-11-10 11:19:46.592[0;39m [32m INFO[0;39m [35m17928[0;39m [2m---[0;39m [2m[           main][0;39m [36mw.s.c.ServletWebServerApplicationContext[0;39m [2m:[0;39m Root WebApplicationContext: initialization completed in 756 ms
[2m2022-11-10 11:19:47.125[0;39m [32m INFO[0;39m [35m17928[0;39m [2m---[0;39m [2m[           main][0;39m [36mo.s.b.w.embedded.tomcat.TomcatWebServer [0;39m [2m:[0;39m Tomcat started on port(s): 9999 (http) with context path '/vue'
[2m2022-11-10 11:20:05.589[0;39m [32m INFO[0;39m [35m17928[0;39m [2m---[0;39m [2m[nio-9999-exec-4][0;39m [36mo.s.web.servlet.DispatcherServlet       [0;39m [2m:[0;39m Initializing Servlet 'dispatcherServlet'
[2m2022-11-10 11:20:05.590[0;39m [32m INFO[0;39m [35m17928[0;39m [2m---[0;39m [2m[nio-9999-exec-4][0;39m [36mo.s.web.servlet.DispatcherServlet       [0;39m [2m:[0;39m Completed initialization in 0 ms
[2m2022-11-10 11:20:05.598[0;39m [33m WARN[0;39m [35m17928[0;39m [2m---[0;39m [2m[nio-9999-exec-4][0;39m [36mo.s.web.servlet.PageNotFound            [0;39m [2m:[0;39m No mapping for GET /vue/
[2m2022-11-10 11:23:38.127[0;39m [32m INFO[0;39m [35m17928[0;39m [2m---[0;39m [2m[nio-9999-exec-7][0;39m [36mc.s.vue.controller.HouseMapController   [0;39m [2m:[0;39m sido - í˜¸ì¶œ
[2m2022-11-10 11:23:49.488[0;39m [32m INFO[0;39m [35m17928[0;39m [2m---[0;39m [2m[nio-9999-exec-8][0;39m [36mc.s.vue.controller.HouseMapController   [0;39m [2m:[0;39m sido - í˜¸ì¶œ
[2m2022-11-10 11:23:53.589[0;39m [32m INFO[0;39m [35m17928[0;39m [2m---[0;39m [2m[io-9999-exec-10][0;39m [36mc.s.vue.controller.HouseMapController   [0;39m [2m:[0;39m sido - í˜¸ì¶œ
[2m2022-11-10 11:23:56.126[0;39m [32m INFO[0;39m [35m17928[0;39m [2m---[0;39m [2m[nio-9999-exec-9][0;39m [36mc.s.vue.controller.HouseMapController   [0;39m [2m:[0;39m sido - í˜¸ì¶œ
[2m2022-11-10 11:30:02.322[0;39m [32m INFO[0;39m [35m17928[0;39m [2m---[0;39m [2m[nio-9999-exec-1][0;39m [36mc.s.vue.controller.HouseMapController   [0;39m [2m:[0;39m sido - í˜¸ì¶œ
[2m2022-11-10 11:35:45.927[0;39m [32m INFO[0;39m [35m17928[0;39m [2m---[0;39m [2m[nio-9999-exec-3][0;39m [36mc.s.vue.controller.HouseMapController   [0;39m [2m:[0;39m sido - í˜¸ì¶œ
[2m2022-11-10 11:35:46.184[0;39m [32m INFO[0;39m [35m17928[0;39m [2m---[0;39m [2m[nio-9999-exec-1][0;39m [36mc.s.vue.controller.HouseMapController   [0;39m [2m:[0;39m sido - í˜¸ì¶œ
[2m2022-11-10 11:35:49.038[0;39m [32m INFO[0;39m [35m17928[0;39m [2m---[0;39m [2m[nio-9999-exec-7][0;39m [36mc.s.vue.controller.HouseMapController   [0;39m [2m:[0;39m sido - í˜¸ì¶œ
[2m2022-11-10 12:33:20.247[0;39m [32m INFO[0;39m [35m17928[0;39m [2m---[0;39m [2m[nio-9999-exec-5][0;39m [36mc.s.vue.controller.HouseMapController   [0;39m [2m:[0;39m sido - í˜¸ì¶œ
[2m2022-11-10 12:33:24.813[0;39m [32m INFO[0;39m [35m17928[0;39m [2m---[0;39m [2m[io-9999-exec-10][0;39m [36mc.s.vue.controller.HouseMapController   [0;39m [2m:[0;39m sido - í˜¸ì¶œ
[2m2022-11-10 12:33:28.037[0;39m [32m INFO[0;39m [35m17928[0;39m [2m---[0;39m [2m[nio-9999-exec-8][0;39m [36mc.s.vue.controller.HouseMapController   [0;39m [2m:[0;39m sido - í˜¸ì¶œ
[2m2022-11-10 12:33:42.229[0;39m [32m INFO[0;39m [35m17928[0;39m [2m---[0;39m [2m[nio-9999-exec-9][0;39m [36mc.s.vue.controller.HouseMapController   [0;39m [2m:[0;39m sido - í˜¸ì¶œ
[2m2022-11-10 12:33:45.533[0;39m [32m INFO[0;39m [35m17928[0;39m [2m---[0;39m [2m[nio-9999-exec-2][0;39m [36mc.s.vue.controller.HouseMapController   [0;39m [2m:[0;39m sido - í˜¸ì¶œ
[2m2022-11-10 12:33:47.829[0;39m [32m INFO[0;39m [35m17928[0;39m [2m---[0;39m [2m[nio-9999-exec-3][0;39m [36mc.s.vue.controller.HouseMapController   [0;39m [2m:[0;39m sido - í˜¸ì¶œ
[2m2022-11-10 12:33:50.173[0;39m [32m INFO[0;39m [35m17928[0;39m [2m---[0;39m [2m[nio-9999-exec-1][0;39m [36mc.s.vue.controller.HouseMapController   [0;39m [2m:[0;39m sido - í˜¸ì¶œ
[2m2022-11-10 12:33:51.380[0;39m [32m INFO[0;39m [35m17928[0;39m [2m---[0;39m [2m[nio-9999-exec-7][0;39m [36mc.s.vue.controller.HouseMapController   [0;39m [2m:[0;39m sido - í˜¸ì¶œ
[2m2022-11-10 12:33:53.901[0;39m [32m INFO[0;39m [35m17928[0;39m [2m---[0;39m [2m[nio-9999-exec-6][0;39m [36mc.s.vue.controller.HouseMapController   [0;39m [2m:[0;39m sido - í˜¸ì¶œ
[2m2022-11-10 12:33:56.286[0;39m [32m INFO[0;39m [35m17928[0;39m [2m---[0;39m [2m[nio-9999-exec-4][0;39m [36mc.s.vue.controller.HouseMapController   [0;39m [2m:[0;39m sido - í˜¸ì¶œ
[2m2022-11-10 12:33:58.796[0;39m [32m INFO[0;39m [35m17928[0;39m [2m---[0;39m [2m[nio-9999-exec-5][0;39m [36mc.s.vue.controller.HouseMapController   [0;39m [2m:[0;39m sido - í˜¸ì¶œ
[2m2022-11-10 12:34:02.700[0;39m [32m INFO[0;39m [35m17928[0;39m [2m---[0;39m [2m[io-9999-exec-10][0;39m [36mc.s.vue.controller.HouseMapController   [0;39m [2m:[0;39m sido - í˜¸ì¶œ
[2m2022-11-10 12:34:04.836[0;39m [32m INFO[0;39m [35m17928[0;39m [2m---[0;39m [2m[nio-9999-exec-8][0;39m [36mc.s.vue.controller.HouseMapController   [0;39m [2m:[0;39m sido - í˜¸ì¶œ
[2m2022-11-10 12:34:06.412[0;39m [32m INFO[0;39m [35m17928[0;39m [2m---[0;39m [2m[nio-9999-exec-9][0;39m [36mc.s.vue.controller.HouseMapController   [0;39m [2m:[0;39m sido - í˜¸ì¶œ
[2m2022-11-10 12:34:08.365[0;39m [32m INFO[0;39m [35m17928[0;39m [2m---[0;39m [2m[nio-9999-exec-2][0;39m [36mc.s.vue.controller.HouseMapController   [0;39m [2m:[0;39m sido - í˜¸ì¶œ
[2m2022-11-10 12:34:08.608[0;39m [32m INFO[0;39m [35m17928[0;39m [2m---[0;39m [2m[nio-9999-exec-3][0;39m [36mc.s.vue.controller.HouseMapController   [0;39m [2m:[0;39m sido - í˜¸ì¶œ
[2m2022-11-10 12:34:10.341[0;39m [32m INFO[0;39m [35m17928[0;39m [2m---[0;39m [2m[nio-9999-exec-1][0;39m [36mc.s.vue.controller.HouseMapController   [0;39m [2m:[0;39m sido - í˜¸ì¶œ
[2m2022-11-10 12:34:11.702[0;39m [32m INFO[0;39m [35m17928[0;39m [2m---[0;39m [2m[nio-9999-exec-7][0;39m [36mc.s.vue.controller.HouseMapController   [0;39m [2m:[0;39m sido - í˜¸ì¶œ
[2m2022-11-10 12:34:12.956[0;39m [32m INFO[0;39m [35m17928[0;39m [2m---[0;39m [2m[nio-9999-exec-6][0;39m [36mc.s.vue.controller.HouseMapController   [0;39m [2m:[0;39m sido - í˜¸ì¶œ
[2m2022-11-10 12:34:13.875[0;39m [32m INFO[0;39m [35m17928[0;39m [2m---[0;39m [2m[nio-9999-exec-4][0;39m [36mc.s.vue.controller.HouseMapController   [0;39m [2m:[0;39m sido - í˜¸ì¶œ
[2m2022-11-10 12:35:54.899[0;39m [32m INFO[0;39m [35m17928[0;39m [2m---[0;39m [2m[on(2)-127.0.0.1][0;39m [36minMXBeanRegistrar$SpringApplicationAdmin[0;39m [2m:[0;39m Application shutdown requested.
[2m2022-11-10 14:10:47.315[0;39m [32m INFO[0;39m [35m16940[0;39m [2m---[0;39m [2m[           main][0;39m [36mo.s.b.w.embedded.tomcat.TomcatWebServer [0;39m [2m:[0;39m Tomcat initialized with port(s): 9999 (http)
[2m2022-11-10 14:10:47.382[0;39m [32m INFO[0;39m [35m16940[0;39m [2m---[0;39m [2m[           main][0;39m [36mw.s.c.ServletWebServerApplicationContext[0;39m [2m:[0;39m Root WebApplicationContext: initialization completed in 763 ms
[2m2022-11-10 14:10:47.906[0;39m [32m INFO[0;39m [35m16940[0;39m [2m---[0;39m [2m[           main][0;39m [36mo.s.b.w.embedded.tomcat.TomcatWebServer [0;39m [2m:[0;39m Tomcat started on port(s): 9999 (http) with context path '/vue'
[2m2022-11-10 15:03:57.653[0;39m [32m INFO[0;39m [35m16940[0;39m [2m---[0;39m [2m[on(2)-127.0.0.1][0;39m [36minMXBeanRegistrar$SpringApplicationAdmin[0;39m [2m:[0;39m Application shutdown requested.
[2m2022-11-10 16:02:08.790[0;39m [32m INFO[0;39m [35m15664[0;39m [2m---[0;39m [2m[           main][0;39m [36mo.s.b.w.embedded.tomcat.TomcatWebServer [0;39m [2m:[0;39m Tomcat initialized with port(s): 9999 (http)
[2m2022-11-10 16:02:08.859[0;39m [32m INFO[0;39m [35m15664[0;39m [2m---[0;39m [2m[           main][0;39m [36mw.s.c.ServletWebServerApplicationContext[0;39m [2m:[0;39m Root WebApplicationContext: initialization completed in 782 ms
[2m2022-11-10 16:02:09.431[0;39m [32m INFO[0;39m [35m15664[0;39m [2m---[0;39m [2m[           main][0;39m [36mo.s.b.w.embedded.tomcat.TomcatWebServer [0;39m [2m:[0;39m Tomcat started on port(s): 9999 (http) with context path '/vue'
[2m2022-11-10 16:03:03.280[0;39m [32m INFO[0;39m [35m15664[0;39m [2m---[0;39m [2m[nio-9999-exec-1][0;39m [36mo.s.web.servlet.DispatcherServlet       [0;39m [2m:[0;39m Initializing Servlet 'dispatcherServlet'
[2m2022-11-10 16:03:03.281[0;39m [32m INFO[0;39m [35m15664[0;39m [2m---[0;39m [2m[nio-9999-exec-1][0;39m [36mo.s.web.servlet.DispatcherServlet       [0;39m [2m:[0;39m Completed initialization in 1 ms
[2m2022-11-10 16:03:03.303[0;39m [32m INFO[0;39m [35m15664[0;39m [2m---[0;39m [2m[nio-9999-exec-1][0;39m [36mc.ssafy.vue.controller.BoardController  [0;39m [2m:[0;39m listArticle - í˜¸ì¶œ
[2m2022-11-10 16:03:37.278[0;39m [32m INFO[0;39m [35m15664[0;39m [2m---[0;39m [2m[nio-9999-exec-3][0;39m [36mc.ssafy.vue.controller.BoardController  [0;39m [2m:[0;39m listArticle - í˜¸ì¶œ
[2m2022-11-10 16:03:37.449[0;39m [32m INFO[0;39m [35m15664[0;39m [2m---[0;39m [2m[nio-9999-exec-2][0;39m [36mc.ssafy.vue.controller.BoardController  [0;39m [2m:[0;39m listArticle - í˜¸ì¶œ
[2m2022-11-10 16:03:43.661[0;39m [32m INFO[0;39m [35m15664[0;39m [2m---[0;39m [2m[nio-9999-exec-4][0;39m [36mc.ssafy.vue.controller.BoardController  [0;39m [2m:[0;39m listArticle - í˜¸ì¶œ
[2m2022-11-10 16:03:44.611[0;39m [32m INFO[0;39m [35m15664[0;39m [2m---[0;39m [2m[nio-9999-exec-5][0;39m [36mc.ssafy.vue.controller.BoardController  [0;39m [2m:[0;39m listArticle - í˜¸ì¶œ
[2m2022-11-10 16:05:06.545[0;39m [32m INFO[0;39m [35m15664[0;39m [2m---[0;39m [2m[nio-9999-exec-7][0;39m [36mc.ssafy.vue.controller.BoardController  [0;39m [2m:[0;39m listArticle - í˜¸ì¶œ
[2m2022-11-10 16:06:50.765[0;39m [32m INFO[0;39m [35m15664[0;39m [2m---[0;39m [2m[nio-9999-exec-9][0;39m [36mc.ssafy.vue.controller.BoardController  [0;39m [2m:[0;39m listArticle - í˜¸ì¶œ
[2m2022-11-10 16:25:23.949[0;39m [32m INFO[0;39m [35m15664[0;39m [2m---[0;39m [2m[nio-9999-exec-1][0;39m [36mc.ssafy.vue.controller.BoardController  [0;39m [2m:[0;39m listArticle - í˜¸ì¶œ
[2m2022-11-10 16:25:25.040[0;39m [32m INFO[0;39m [35m15664[0;39m [2m---[0;39m [2m[nio-9999-exec-3][0;39m [36mc.ssafy.vue.controller.BoardController  [0;39m [2m:[0;39m listArticle - í˜¸ì¶œ
[2m2022-11-10 16:37:49.215[0;39m [32m INFO[0;39m [35m15664[0;39m [2m---[0;39m [2m[nio-9999-exec-5][0;39m [36mc.ssafy.vue.controller.BoardController  [0;39m [2m:[0;39m writeArticle - í˜¸ì¶œ
[2m2022-11-10 16:37:49.270[0;39m [31mERROR[0;39m [35m15664[0;39m [2m---[0;39m [2m[nio-9999-exec-5][0;39m [36mo.a.c.c.C.[.[.[.[dispatcherServlet]     [0;39m [2m:[0;39m Servlet.service() for servlet [dispatcherServlet] in context with path [/vue] threw exception [Request processing failed; nested exception is org.springframework.dao.DataIntegrityViolationException: 
### Error updating database.  Cause: java.sql.SQLIntegrityConstraintViolationException: Cannot add or update a child row: a foreign key constraint fails (`ssafyvue`.`board`, CONSTRAINT `board_to_member_fk` FOREIGN KEY (`userid`) REFERENCES `ssafy_member` (`userid`))
### The error may exist in file [C:\SSAFY\workspace\work-spring\VueApi\target\classes\mappers\board.xml]
### The error may involve com.ssafy.vue.model.mapper.BoardMapper.writeArticle-Inline
### The error occurred while setting parameters
### SQL: insert into board (userid, subject, content, hit, regtime)   values (?, ?, ?, 0, now())
### Cause: java.sql.SQLIntegrityConstraintViolationException: Cannot add or update a child row: a foreign key constraint fails (`ssafyvue`.`board`, CONSTRAINT `board_to_member_fk` FOREIGN KEY (`userid`) REFERENCES `ssafy_member` (`userid`))
; Cannot add or update a child row: a foreign key constraint fails (`ssafyvue`.`board`, CONSTRAINT `board_to_member_fk` FOREIGN KEY (`userid`) REFERENCES `ssafy_member` (`userid`)); nested exception is java.sql.SQLIntegrityConstraintViolationException: Cannot add or update a child row: a foreign key constraint fails (`ssafyvue`.`board`, CONSTRAINT `board_to_member_fk` FOREIGN KEY (`userid`) REFERENCES `ssafy_member` (`userid`))] with root cause

java.sql.SQLIntegrityConstraintViolationException: Cannot add or update a child row: a foreign key constraint fails (`ssafyvue`.`board`, CONSTRAINT `board_to_member_fk` FOREIGN KEY (`userid`) REFERENCES `ssafy_member` (`userid`))
	at com.mysql.cj.jdbc.exceptions.SQLError.createSQLException(SQLError.java:117)
	at com.mysql.cj.jdbc.exceptions.SQLExceptionsMapping.translateException(SQLExceptionsMapping.java:122)
	at com.mysql.cj.jdbc.ClientPreparedStatement.executeInternal(ClientPreparedStatement.java:916)
	at com.mysql.cj.jdbc.ClientPreparedStatement.execute(ClientPreparedStatement.java:354)
	at com.zaxxer.hikari.pool.ProxyPreparedStatement.execute(ProxyPreparedStatement.java:44)
	at com.zaxxer.hikari.pool.HikariProxyPreparedStatement.execute(HikariProxyPreparedStatement.java)
	at org.apache.ibatis.executor.statement.PreparedStatementHandler.update(PreparedStatementHandler.java:47)
	at org.apache.ibatis.executor.statement.RoutingStatementHandler.update(RoutingStatementHandler.java:74)
	at org.apache.ibatis.executor.SimpleExecutor.doUpdate(SimpleExecutor.java:50)
	at org.apache.ibatis.executor.BaseExecutor.update(BaseExecutor.java:117)
	at org.apache.ibatis.executor.CachingExecutor.update(CachingExecutor.java:76)
	at org.apache.ibatis.session.defaults.DefaultSqlSession.update(DefaultSqlSession.java:194)
	at org.apache.ibatis.session.defaults.DefaultSqlSession.insert(DefaultSqlSession.java:181)
	at sun.reflect.NativeMethodAccessorImpl.invoke0(Native Method)
	at sun.reflect.NativeMethodAccessorImpl.invoke(NativeMethodAccessorImpl.java:62)
	at sun.reflect.DelegatingMethodAccessorImpl.invoke(DelegatingMethodAccessorImpl.java:43)
	at java.lang.reflect.Method.invoke(Method.java:498)
	at org.mybatis.spring.SqlSessionTemplate$SqlSessionInterceptor.invoke(SqlSessionTemplate.java:427)
	at com.sun.proxy.$Proxy78.insert(Unknown Source)
	at org.mybatis.spring.SqlSessionTemplate.insert(SqlSessionTemplate.java:272)
	at org.apache.ibatis.binding.MapperMethod.execute(MapperMethod.java:62)
	at org.apache.ibatis.binding.MapperProxy$PlainMethodInvoker.invoke(MapperProxy.java:145)
	at org.apache.ibatis.binding.MapperProxy.invoke(MapperProxy.java:86)
	at com.sun.proxy.$Proxy102.writeArticle(Unknown Source)
	at com.ssafy.vue.model.service.BoardServiceImpl.writeArticle(BoardServiceImpl.java:26)
	at com.ssafy.vue.model.service.BoardServiceImpl$$FastClassBySpringCGLIB$$fc74f1dc.invoke(<generated>)
	at org.springframework.cglib.proxy.MethodProxy.invoke(MethodProxy.java:218)
	at org.springframework.aop.framework.CglibAopProxy.invokeMethod(CglibAopProxy.java:386)
	at org.springframework.aop.framework.CglibAopProxy.access$000(CglibAopProxy.java:85)
	at org.springframework.aop.framework.CglibAopProxy$DynamicAdvisedInterceptor.intercept(CglibAopProxy.java:704)
	at com.ssafy.vue.model.service.BoardServiceImpl$$EnhancerBySpringCGLIB$$b917c029.writeArticle(<generated>)
	at com.ssafy.vue.controller.BoardController.writeArticle(BoardController.java:45)
	at sun.reflect.NativeMethodAccessorImpl.invoke0(Native Method)
	at sun.reflect.NativeMethodAccessorImpl.invoke(NativeMethodAccessorImpl.java:62)
	at sun.reflect.DelegatingMethodAccessorImpl.invoke(DelegatingMethodAccessorImpl.java:43)
	at java.lang.reflect.Method.invoke(Method.java:498)
	at org.springframework.web.method.support.InvocableHandlerMethod.doInvoke(InvocableHandlerMethod.java:205)
	at org.springframework.web.method.support.InvocableHandlerMethod.invokeForRequest(InvocableHandlerMethod.java:150)
	at org.springframework.web.servlet.mvc.method.annotation.ServletInvocableHandlerMethod.invokeAndHandle(ServletInvocableHandlerMethod.java:117)
	at org.springframework.web.servlet.mvc.method.annotation.RequestMappingHandlerAdapter.invokeHandlerMethod(RequestMappingHandlerAdapter.java:895)
	at org.springframework.web.servlet.mvc.method.annotation.RequestMappingHandlerAdapter.handleInternal(RequestMappingHandlerAdapter.java:808)
	at org.springframework.web.servlet.mvc.method.AbstractHandlerMethodAdapter.handle(AbstractHandlerMethodAdapter.java:87)
	at org.springframework.web.servlet.DispatcherServlet.doDispatch(DispatcherServlet.java:1071)
	at org.springframework.web.servlet.DispatcherServlet.doService(DispatcherServlet.java:964)
	at org.springframework.web.servlet.FrameworkServlet.processRequest(FrameworkServlet.java:1006)
	at org.springframework.web.servlet.FrameworkServlet.doPost(FrameworkServlet.java:909)
	at javax.servlet.http.HttpServlet.service(HttpServlet.java:696)
	at org.springframework.web.servlet.FrameworkServlet.service(FrameworkServlet.java:883)
	at javax.servlet.http.HttpServlet.service(HttpServlet.java:779)
	at org.apache.catalina.core.ApplicationFilterChain.internalDoFilter(ApplicationFilterChain.java:227)
	at org.apache.catalina.core.ApplicationFilterChain.doFilter(ApplicationFilterChain.java:162)
	at org.apache.tomcat.websocket.server.WsFilter.doFilter(WsFilter.java:53)
	at org.apache.catalina.core.ApplicationFilterChain.internalDoFilter(ApplicationFilterChain.java:189)
	at org.apache.catalina.core.ApplicationFilterChain.doFilter(ApplicationFilterChain.java:162)
	at org.springframework.web.filter.CharacterEncodingFilter.doFilterInternal(CharacterEncodingFilter.java:201)
	at org.springframework.web.filter.OncePerRequestFilter.doFilter(OncePerRequestFilter.java:117)
	at org.apache.catalina.core.ApplicationFilterChain.internalDoFilter(ApplicationFilterChain.java:189)
	at org.apache.catalina.core.ApplicationFilterChain.doFilter(ApplicationFilterChain.java:162)
	at org.apache.catalina.core.StandardWrapperValve.invoke(StandardWrapperValve.java:197)
	at org.apache.catalina.core.StandardContextValve.invoke(StandardContextValve.java:97)
	at org.apache.catalina.authenticator.AuthenticatorBase.invoke(AuthenticatorBase.java:541)
	at org.apache.catalina.core.StandardHostValve.invoke(StandardHostValve.java:135)
	at org.apache.catalina.valves.ErrorReportValve.invoke(ErrorReportValve.java:92)
	at org.apache.catalina.core.StandardEngineValve.invoke(StandardEngineValve.java:78)
	at org.apache.catalina.connector.CoyoteAdapter.service(CoyoteAdapter.java:360)
	at org.apache.coyote.http11.Http11Processor.service(Http11Processor.java:399)
	at org.apache.coyote.AbstractProcessorLight.process(AbstractProcessorLight.java:65)
	at org.apache.coyote.AbstractProtocol$ConnectionHandler.process(AbstractProtocol.java:893)
	at org.apache.tomcat.util.net.NioEndpoint$SocketProcessor.doRun(NioEndpoint.java:1789)
	at org.apache.tomcat.util.net.SocketProcessorBase.run(SocketProcessorBase.java:49)
	at org.apache.tomcat.util.threads.ThreadPoolExecutor.runWorker(ThreadPoolExecutor.java:1191)
	at org.apache.tomcat.util.threads.ThreadPoolExecutor$Worker.run(ThreadPoolExecutor.java:659)
	at org.apache.tomcat.util.threads.TaskThread$WrappingRunnable.run(TaskThread.java:61)
	at java.lang.Thread.run(Thread.java:748)

[2m2022-11-10 16:37:50.600[0;39m [32m INFO[0;39m [35m15664[0;39m [2m---[0;39m [2m[nio-9999-exec-6][0;39m [36mc.ssafy.vue.controller.BoardController  [0;39m [2m:[0;39m writeArticle - í˜¸ì¶œ
[2m2022-11-10 16:37:50.603[0;39m [31mERROR[0;39m [35m15664[0;39m [2m---[0;39m [2m[nio-9999-exec-6][0;39m [36mo.a.c.c.C.[.[.[.[dispatcherServlet]     [0;39m [2m:[0;39m Servlet.service() for servlet [dispatcherServlet] in context with path [/vue] threw exception [Request processing failed; nested exception is org.springframework.dao.DataIntegrityViolationException: 
### Error updating database.  Cause: java.sql.SQLIntegrityConstraintViolationException: Cannot add or update a child row: a foreign key constraint fails (`ssafyvue`.`board`, CONSTRAINT `board_to_member_fk` FOREIGN KEY (`userid`) REFERENCES `ssafy_member` (`userid`))
### The error may exist in file [C:\SSAFY\workspace\work-spring\VueApi\target\classes\mappers\board.xml]
### The error may involve com.ssafy.vue.model.mapper.BoardMapper.writeArticle-Inline
### The error occurred while setting parameters
### SQL: insert into board (userid, subject, content, hit, regtime)   values (?, ?, ?, 0, now())
### Cause: java.sql.SQLIntegrityConstraintViolationException: Cannot add or update a child row: a foreign key constraint fails (`ssafyvue`.`board`, CONSTRAINT `board_to_member_fk` FOREIGN KEY (`userid`) REFERENCES `ssafy_member` (`userid`))
; Cannot add or update a child row: a foreign key constraint fails (`ssafyvue`.`board`, CONSTRAINT `board_to_member_fk` FOREIGN KEY (`userid`) REFERENCES `ssafy_member` (`userid`)); nested exception is java.sql.SQLIntegrityConstraintViolationException: Cannot add or update a child row: a foreign key constraint fails (`ssafyvue`.`board`, CONSTRAINT `board_to_member_fk` FOREIGN KEY (`userid`) REFERENCES `ssafy_member` (`userid`))] with root cause

java.sql.SQLIntegrityConstraintViolationException: Cannot add or update a child row: a foreign key constraint fails (`ssafyvue`.`board`, CONSTRAINT `board_to_member_fk` FOREIGN KEY (`userid`) REFERENCES `ssafy_member` (`userid`))
	at com.mysql.cj.jdbc.exceptions.SQLError.createSQLException(SQLError.java:117)
	at com.mysql.cj.jdbc.exceptions.SQLExceptionsMapping.translateException(SQLExceptionsMapping.java:122)
	at com.mysql.cj.jdbc.ClientPreparedStatement.executeInternal(ClientPreparedStatement.java:916)
	at com.mysql.cj.jdbc.ClientPreparedStatement.execute(ClientPreparedStatement.java:354)
	at com.zaxxer.hikari.pool.ProxyPreparedStatement.execute(ProxyPreparedStatement.java:44)
	at com.zaxxer.hikari.pool.HikariProxyPreparedStatement.execute(HikariProxyPreparedStatement.java)
	at org.apache.ibatis.executor.statement.PreparedStatementHandler.update(PreparedStatementHandler.java:47)
	at org.apache.ibatis.executor.statement.RoutingStatementHandler.update(RoutingStatementHandler.java:74)
	at org.apache.ibatis.executor.SimpleExecutor.doUpdate(SimpleExecutor.java:50)
	at org.apache.ibatis.executor.BaseExecutor.update(BaseExecutor.java:117)
	at org.apache.ibatis.executor.CachingExecutor.update(CachingExecutor.java:76)
	at org.apache.ibatis.session.defaults.DefaultSqlSession.update(DefaultSqlSession.java:194)
	at org.apache.ibatis.session.defaults.DefaultSqlSession.insert(DefaultSqlSession.java:181)
	at sun.reflect.NativeMethodAccessorImpl.invoke0(Native Method)
	at sun.reflect.NativeMethodAccessorImpl.invoke(NativeMethodAccessorImpl.java:62)
	at sun.reflect.DelegatingMethodAccessorImpl.invoke(DelegatingMethodAccessorImpl.java:43)
	at java.lang.reflect.Method.invoke(Method.java:498)
	at org.mybatis.spring.SqlSessionTemplate$SqlSessionInterceptor.invoke(SqlSessionTemplate.java:427)
	at com.sun.proxy.$Proxy78.insert(Unknown Source)
	at org.mybatis.spring.SqlSessionTemplate.insert(SqlSessionTemplate.java:272)
	at org.apache.ibatis.binding.MapperMethod.execute(MapperMethod.java:62)
	at org.apache.ibatis.binding.MapperProxy$PlainMethodInvoker.invoke(MapperProxy.java:145)
	at org.apache.ibatis.binding.MapperProxy.invoke(MapperProxy.java:86)
	at com.sun.proxy.$Proxy102.writeArticle(Unknown Source)
	at com.ssafy.vue.model.service.BoardServiceImpl.writeArticle(BoardServiceImpl.java:26)
	at com.ssafy.vue.model.service.BoardServiceImpl$$FastClassBySpringCGLIB$$fc74f1dc.invoke(<generated>)
	at org.springframework.cglib.proxy.MethodProxy.invoke(MethodProxy.java:218)
	at org.springframework.aop.framework.CglibAopProxy.invokeMethod(CglibAopProxy.java:386)
	at org.springframework.aop.framework.CglibAopProxy.access$000(CglibAopProxy.java:85)
	at org.springframework.aop.framework.CglibAopProxy$DynamicAdvisedInterceptor.intercept(CglibAopProxy.java:704)
	at com.ssafy.vue.model.service.BoardServiceImpl$$EnhancerBySpringCGLIB$$b917c029.writeArticle(<generated>)
	at com.ssafy.vue.controller.BoardController.writeArticle(BoardController.java:45)
	at sun.reflect.NativeMethodAccessorImpl.invoke0(Native Method)
	at sun.reflect.NativeMethodAccessorImpl.invoke(NativeMethodAccessorImpl.java:62)
	at sun.reflect.DelegatingMethodAccessorImpl.invoke(DelegatingMethodAccessorImpl.java:43)
	at java.lang.reflect.Method.invoke(Method.java:498)
	at org.springframework.web.method.support.InvocableHandlerMethod.doInvoke(InvocableHandlerMethod.java:205)
	at org.springframework.web.method.support.InvocableHandlerMethod.invokeForRequest(InvocableHandlerMethod.java:150)
	at org.springframework.web.servlet.mvc.method.annotation.ServletInvocableHandlerMethod.invokeAndHandle(ServletInvocableHandlerMethod.java:117)
	at org.springframework.web.servlet.mvc.method.annotation.RequestMappingHandlerAdapter.invokeHandlerMethod(RequestMappingHandlerAdapter.java:895)
	at org.springframework.web.servlet.mvc.method.annotation.RequestMappingHandlerAdapter.handleInternal(RequestMappingHandlerAdapter.java:808)
	at org.springframework.web.servlet.mvc.method.AbstractHandlerMethodAdapter.handle(AbstractHandlerMethodAdapter.java:87)
	at org.springframework.web.servlet.DispatcherServlet.doDispatch(DispatcherServlet.java:1071)
	at org.springframework.web.servlet.DispatcherServlet.doService(DispatcherServlet.java:964)
	at org.springframework.web.servlet.FrameworkServlet.processRequest(FrameworkServlet.java:1006)
	at org.springframework.web.servlet.FrameworkServlet.doPost(FrameworkServlet.java:909)
	at javax.servlet.http.HttpServlet.service(HttpServlet.java:696)
	at org.springframework.web.servlet.FrameworkServlet.service(FrameworkServlet.java:883)
	at javax.servlet.http.HttpServlet.service(HttpServlet.java:779)
	at org.apache.catalina.core.ApplicationFilterChain.internalDoFilter(ApplicationFilterChain.java:227)
	at org.apache.catalina.core.ApplicationFilterChain.doFilter(ApplicationFilterChain.java:162)
	at org.apache.tomcat.websocket.server.WsFilter.doFilter(WsFilter.java:53)
	at org.apache.catalina.core.ApplicationFilterChain.internalDoFilter(ApplicationFilterChain.java:189)
	at org.apache.catalina.core.ApplicationFilterChain.doFilter(ApplicationFilterChain.java:162)
	at org.springframework.web.filter.CharacterEncodingFilter.doFilterInternal(CharacterEncodingFilter.java:201)
	at org.springframework.web.filter.OncePerRequestFilter.doFilter(OncePerRequestFilter.java:117)
	at org.apache.catalina.core.ApplicationFilterChain.internalDoFilter(ApplicationFilterChain.java:189)
	at org.apache.catalina.core.ApplicationFilterChain.doFilter(ApplicationFilterChain.java:162)
	at org.apache.catalina.core.StandardWrapperValve.invoke(StandardWrapperValve.java:197)
	at org.apache.catalina.core.StandardContextValve.invoke(StandardContextValve.java:97)
	at org.apache.catalina.authenticator.AuthenticatorBase.invoke(AuthenticatorBase.java:541)
	at org.apache.catalina.core.StandardHostValve.invoke(StandardHostValve.java:135)
	at org.apache.catalina.valves.ErrorReportValve.invoke(ErrorReportValve.java:92)
	at org.apache.catalina.core.StandardEngineValve.invoke(StandardEngineValve.java:78)
	at org.apache.catalina.connector.CoyoteAdapter.service(CoyoteAdapter.java:360)
	at org.apache.coyote.http11.Http11Processor.service(Http11Processor.java:399)
	at org.apache.coyote.AbstractProcessorLight.process(AbstractProcessorLight.java:65)
	at org.apache.coyote.AbstractProtocol$ConnectionHandler.process(AbstractProtocol.java:893)
	at org.apache.tomcat.util.net.NioEndpoint$SocketProcessor.doRun(NioEndpoint.java:1789)
	at org.apache.tomcat.util.net.SocketProcessorBase.run(SocketProcessorBase.java:49)
	at org.apache.tomcat.util.threads.ThreadPoolExecutor.runWorker(ThreadPoolExecutor.java:1191)
	at org.apache.tomcat.util.threads.ThreadPoolExecutor$Worker.run(ThreadPoolExecutor.java:659)
	at org.apache.tomcat.util.threads.TaskThread$WrappingRunnable.run(TaskThread.java:61)
	at java.lang.Thread.run(Thread.java:748)

[2m2022-11-10 16:37:51.744[0;39m [32m INFO[0;39m [35m15664[0;39m [2m---[0;39m [2m[nio-9999-exec-7][0;39m [36mc.ssafy.vue.controller.BoardController  [0;39m [2m:[0;39m listArticle - í˜¸ì¶œ
[2m2022-11-10 16:37:56.479[0;39m [32m INFO[0;39m [35m15664[0;39m [2m---[0;39m [2m[io-9999-exec-10][0;39m [36mc.ssafy.vue.controller.BoardController  [0;39m [2m:[0;39m writeArticle - í˜¸ì¶œ
[2m2022-11-10 16:37:56.483[0;39m [31mERROR[0;39m [35m15664[0;39m [2m---[0;39m [2m[io-9999-exec-10][0;39m [36mo.a.c.c.C.[.[.[.[dispatcherServlet]     [0;39m [2m:[0;39m Servlet.service() for servlet [dispatcherServlet] in context with path [/vue] threw exception [Request processing failed; nested exception is org.springframework.dao.DataIntegrityViolationException: 
### Error updating database.  Cause: java.sql.SQLIntegrityConstraintViolationException: Cannot add or update a child row: a foreign key constraint fails (`ssafyvue`.`board`, CONSTRAINT `board_to_member_fk` FOREIGN KEY (`userid`) REFERENCES `ssafy_member` (`userid`))
### The error may exist in file [C:\SSAFY\workspace\work-spring\VueApi\target\classes\mappers\board.xml]
### The error may involve com.ssafy.vue.model.mapper.BoardMapper.writeArticle-Inline
### The error occurred while setting parameters
### SQL: insert into board (userid, subject, content, hit, regtime)   values (?, ?, ?, 0, now())
### Cause: java.sql.SQLIntegrityConstraintViolationException: Cannot add or update a child row: a foreign key constraint fails (`ssafyvue`.`board`, CONSTRAINT `board_to_member_fk` FOREIGN KEY (`userid`) REFERENCES `ssafy_member` (`userid`))
; Cannot add or update a child row: a foreign key constraint fails (`ssafyvue`.`board`, CONSTRAINT `board_to_member_fk` FOREIGN KEY (`userid`) REFERENCES `ssafy_member` (`userid`)); nested exception is java.sql.SQLIntegrityConstraintViolationException: Cannot add or update a child row: a foreign key constraint fails (`ssafyvue`.`board`, CONSTRAINT `board_to_member_fk` FOREIGN KEY (`userid`) REFERENCES `ssafy_member` (`userid`))] with root cause

java.sql.SQLIntegrityConstraintViolationException: Cannot add or update a child row: a foreign key constraint fails (`ssafyvue`.`board`, CONSTRAINT `board_to_member_fk` FOREIGN KEY (`userid`) REFERENCES `ssafy_member` (`userid`))
	at com.mysql.cj.jdbc.exceptions.SQLError.createSQLException(SQLError.java:117)
	at com.mysql.cj.jdbc.exceptions.SQLExceptionsMapping.translateException(SQLExceptionsMapping.java:122)
	at com.mysql.cj.jdbc.ClientPreparedStatement.executeInternal(ClientPreparedStatement.java:916)
	at com.mysql.cj.jdbc.ClientPreparedStatement.execute(ClientPreparedStatement.java:354)
	at com.zaxxer.hikari.pool.ProxyPreparedStatement.execute(ProxyPreparedStatement.java:44)
	at com.zaxxer.hikari.pool.HikariProxyPreparedStatement.execute(HikariProxyPreparedStatement.java)
	at org.apache.ibatis.executor.statement.PreparedStatementHandler.update(PreparedStatementHandler.java:47)
	at org.apache.ibatis.executor.statement.RoutingStatementHandler.update(RoutingStatementHandler.java:74)
	at org.apache.ibatis.executor.SimpleExecutor.doUpdate(SimpleExecutor.java:50)
	at org.apache.ibatis.executor.BaseExecutor.update(BaseExecutor.java:117)
	at org.apache.ibatis.executor.CachingExecutor.update(CachingExecutor.java:76)
	at org.apache.ibatis.session.defaults.DefaultSqlSession.update(DefaultSqlSession.java:194)
	at org.apache.ibatis.session.defaults.DefaultSqlSession.insert(DefaultSqlSession.java:181)
	at sun.reflect.NativeMethodAccessorImpl.invoke0(Native Method)
	at sun.reflect.NativeMethodAccessorImpl.invoke(NativeMethodAccessorImpl.java:62)
	at sun.reflect.DelegatingMethodAccessorImpl.invoke(DelegatingMethodAccessorImpl.java:43)
	at java.lang.reflect.Method.invoke(Method.java:498)
	at org.mybatis.spring.SqlSessionTemplate$SqlSessionInterceptor.invoke(SqlSessionTemplate.java:427)
	at com.sun.proxy.$Proxy78.insert(Unknown Source)
	at org.mybatis.spring.SqlSessionTemplate.insert(SqlSessionTemplate.java:272)
	at org.apache.ibatis.binding.MapperMethod.execute(MapperMethod.java:62)
	at org.apache.ibatis.binding.MapperProxy$PlainMethodInvoker.invoke(MapperProxy.java:145)
	at org.apache.ibatis.binding.MapperProxy.invoke(MapperProxy.java:86)
	at com.sun.proxy.$Proxy102.writeArticle(Unknown Source)
	at com.ssafy.vue.model.service.BoardServiceImpl.writeArticle(BoardServiceImpl.java:26)
	at com.ssafy.vue.model.service.BoardServiceImpl$$FastClassBySpringCGLIB$$fc74f1dc.invoke(<generated>)
	at org.springframework.cglib.proxy.MethodProxy.invoke(MethodProxy.java:218)
	at org.springframework.aop.framework.CglibAopProxy.invokeMethod(CglibAopProxy.java:386)
	at org.springframework.aop.framework.CglibAopProxy.access$000(CglibAopProxy.java:85)
	at org.springframework.aop.framework.CglibAopProxy$DynamicAdvisedInterceptor.intercept(CglibAopProxy.java:704)
	at com.ssafy.vue.model.service.BoardServiceImpl$$EnhancerBySpringCGLIB$$b917c029.writeArticle(<generated>)
	at com.ssafy.vue.controller.BoardController.writeArticle(BoardController.java:45)
	at sun.reflect.NativeMethodAccessorImpl.invoke0(Native Method)
	at sun.reflect.NativeMethodAccessorImpl.invoke(NativeMethodAccessorImpl.java:62)
	at sun.reflect.DelegatingMethodAccessorImpl.invoke(DelegatingMethodAccessorImpl.java:43)
	at java.lang.reflect.Method.invoke(Method.java:498)
	at org.springframework.web.method.support.InvocableHandlerMethod.doInvoke(InvocableHandlerMethod.java:205)
	at org.springframework.web.method.support.InvocableHandlerMethod.invokeForRequest(InvocableHandlerMethod.java:150)
	at org.springframework.web.servlet.mvc.method.annotation.ServletInvocableHandlerMethod.invokeAndHandle(ServletInvocableHandlerMethod.java:117)
	at org.springframework.web.servlet.mvc.method.annotation.RequestMappingHandlerAdapter.invokeHandlerMethod(RequestMappingHandlerAdapter.java:895)
	at org.springframework.web.servlet.mvc.method.annotation.RequestMappingHandlerAdapter.handleInternal(RequestMappingHandlerAdapter.java:808)
	at org.springframework.web.servlet.mvc.method.AbstractHandlerMethodAdapter.handle(AbstractHandlerMethodAdapter.java:87)
	at org.springframework.web.servlet.DispatcherServlet.doDispatch(DispatcherServlet.java:1071)
	at org.springframework.web.servlet.DispatcherServlet.doService(DispatcherServlet.java:964)
	at org.springframework.web.servlet.FrameworkServlet.processRequest(FrameworkServlet.java:1006)
	at org.springframework.web.servlet.FrameworkServlet.doPost(FrameworkServlet.java:909)
	at javax.servlet.http.HttpServlet.service(HttpServlet.java:696)
	at org.springframework.web.servlet.FrameworkServlet.service(FrameworkServlet.java:883)
	at javax.servlet.http.HttpServlet.service(HttpServlet.java:779)
	at org.apache.catalina.core.ApplicationFilterChain.internalDoFilter(ApplicationFilterChain.java:227)
	at org.apache.catalina.core.ApplicationFilterChain.doFilter(ApplicationFilterChain.java:162)
	at org.apache.tomcat.websocket.server.WsFilter.doFilter(WsFilter.java:53)
	at org.apache.catalina.core.ApplicationFilterChain.internalDoFilter(ApplicationFilterChain.java:189)
	at org.apache.catalina.core.ApplicationFilterChain.doFilter(ApplicationFilterChain.java:162)
	at org.springframework.web.filter.CharacterEncodingFilter.doFilterInternal(CharacterEncodingFilter.java:201)
	at org.springframework.web.filter.OncePerRequestFilter.doFilter(OncePerRequestFilter.java:117)
	at org.apache.catalina.core.ApplicationFilterChain.internalDoFilter(ApplicationFilterChain.java:189)
	at org.apache.catalina.core.ApplicationFilterChain.doFilter(ApplicationFilterChain.java:162)
	at org.apache.catalina.core.StandardWrapperValve.invoke(StandardWrapperValve.java:197)
	at org.apache.catalina.core.StandardContextValve.invoke(StandardContextValve.java:97)
	at org.apache.catalina.authenticator.AuthenticatorBase.invoke(AuthenticatorBase.java:541)
	at org.apache.catalina.core.StandardHostValve.invoke(StandardHostValve.java:135)
	at org.apache.catalina.valves.ErrorReportValve.invoke(ErrorReportValve.java:92)
	at org.apache.catalina.core.StandardEngineValve.invoke(StandardEngineValve.java:78)
	at org.apache.catalina.connector.CoyoteAdapter.service(CoyoteAdapter.java:360)
	at org.apache.coyote.http11.Http11Processor.service(Http11Processor.java:399)
	at org.apache.coyote.AbstractProcessorLight.process(AbstractProcessorLight.java:65)
	at org.apache.coyote.AbstractProtocol$ConnectionHandler.process(AbstractProtocol.java:893)
	at org.apache.tomcat.util.net.NioEndpoint$SocketProcessor.doRun(NioEndpoint.java:1789)
	at org.apache.tomcat.util.net.SocketProcessorBase.run(SocketProcessorBase.java:49)
	at org.apache.tomcat.util.threads.ThreadPoolExecutor.runWorker(ThreadPoolExecutor.java:1191)
	at org.apache.tomcat.util.threads.ThreadPoolExecutor$Worker.run(ThreadPoolExecutor.java:659)
	at org.apache.tomcat.util.threads.TaskThread$WrappingRunnable.run(TaskThread.java:61)
	at java.lang.Thread.run(Thread.java:748)

[2m2022-11-10 16:38:40.426[0;39m [32m INFO[0;39m [35m15664[0;39m [2m---[0;39m [2m[on(2)-127.0.0.1][0;39m [36minMXBeanRegistrar$SpringApplicationAdmin[0;39m [2m:[0;39m Application shutdown requested.
[2m2022-11-10 16:38:40.498[0;39m [33m WARN[0;39m [35m15664[0;39m [2m---[0;39m [2m[on(2)-127.0.0.1][0;39m [36mo.a.c.loader.WebappClassLoaderBase      [0;39m [2m:[0;39m The web application [vue] appears to have started a thread named [HikariPool-1 housekeeper] but has failed to stop it. This is very likely to create a memory leak. Stack trace of thread:
 sun.misc.Unsafe.park(Native Method)
 java.util.concurrent.locks.LockSupport.parkNanos(LockSupport.java:215)
 java.util.concurrent.locks.AbstractQueuedSynchronizer$ConditionObject.awaitNanos(AbstractQueuedSynchronizer.java:2078)
 java.util.concurrent.ScheduledThreadPoolExecutor$DelayedWorkQueue.take(ScheduledThreadPoolExecutor.java:1093)
 java.util.concurrent.ScheduledThreadPoolExecutor$DelayedWorkQueue.take(ScheduledThreadPoolExecutor.java:809)
 java.util.concurrent.ThreadPoolExecutor.getTask(ThreadPoolExecutor.java:1074)
 java.util.concurrent.ThreadPoolExecutor.runWorker(ThreadPoolExecutor.java:1134)
 java.util.concurrent.ThreadPoolExecutor$Worker.run(ThreadPoolExecutor.java:624)
 java.lang.Thread.run(Thread.java:748)
[2m2022-11-10 16:38:47.014[0;39m [32m INFO[0;39m [35m14580[0;39m [2m---[0;39m [2m[           main][0;39m [36mo.s.b.w.embedded.tomcat.TomcatWebServer [0;39m [2m:[0;39m Tomcat initialized with port(s): 9999 (http)
[2m2022-11-10 16:38:47.078[0;39m [32m INFO[0;39m [35m14580[0;39m [2m---[0;39m [2m[           main][0;39m [36mw.s.c.ServletWebServerApplicationContext[0;39m [2m:[0;39m Root WebApplicationContext: initialization completed in 723 ms
[2m2022-11-10 16:38:47.588[0;39m [32m INFO[0;39m [35m14580[0;39m [2m---[0;39m [2m[           main][0;39m [36mo.s.b.w.embedded.tomcat.TomcatWebServer [0;39m [2m:[0;39m Tomcat started on port(s): 9999 (http) with context path '/vue'
[2m2022-11-10 16:38:53.181[0;39m [32m INFO[0;39m [35m14580[0;39m [2m---[0;39m [2m[nio-9999-exec-1][0;39m [36mo.s.web.servlet.DispatcherServlet       [0;39m [2m:[0;39m Initializing Servlet 'dispatcherServlet'
[2m2022-11-10 16:38:53.182[0;39m [32m INFO[0;39m [35m14580[0;39m [2m---[0;39m [2m[nio-9999-exec-1][0;39m [36mo.s.web.servlet.DispatcherServlet       [0;39m [2m:[0;39m Completed initialization in 1 ms
[2m2022-11-10 16:38:53.195[0;39m [32m INFO[0;39m [35m14580[0;39m [2m---[0;39m [2m[nio-9999-exec-1][0;39m [36mc.ssafy.vue.controller.BoardController  [0;39m [2m:[0;39m listArticle - í˜¸ì¶œ
[2m2022-11-10 16:38:59.574[0;39m [32m INFO[0;39m [35m14580[0;39m [2m---[0;39m [2m[nio-9999-exec-2][0;39m [36mc.ssafy.vue.controller.BoardController  [0;39m [2m:[0;39m writeArticle - í˜¸ì¶œ
[2m2022-11-10 16:39:00.467[0;39m [32m INFO[0;39m [35m14580[0;39m [2m---[0;39m [2m[nio-9999-exec-3][0;39m [36mc.ssafy.vue.controller.BoardController  [0;39m [2m:[0;39m listArticle - í˜¸ì¶œ
[2m2022-11-10 16:42:07.893[0;39m [32m INFO[0;39m [35m14580[0;39m [2m---[0;39m [2m[nio-9999-exec-5][0;39m [36mc.ssafy.vue.controller.BoardController  [0;39m [2m:[0;39m listArticle - í˜¸ì¶œ
[2m2022-11-10 16:44:45.919[0;39m [32m INFO[0;39m [35m14580[0;39m [2m---[0;39m [2m[nio-9999-exec-7][0;39m [36mc.ssafy.vue.controller.BoardController  [0;39m [2m:[0;39m listArticle - í˜¸ì¶œ
[2m2022-11-10 16:44:54.756[0;39m [32m INFO[0;39m [35m14580[0;39m [2m---[0;39m [2m[nio-9999-exec-8][0;39m [36mc.ssafy.vue.controller.BoardController  [0;39m [2m:[0;39m getArticle - í˜¸ì¶œ : 3
[2m2022-11-10 16:44:56.022[0;39m [32m INFO[0;39m [35m14580[0;39m [2m---[0;39m [2m[nio-9999-exec-9][0;39m [36mc.ssafy.vue.controller.BoardController  [0;39m [2m:[0;39m getArticle - í˜¸ì¶œ : 3
[2m2022-11-10 16:44:56.880[0;39m [32m INFO[0;39m [35m14580[0;39m [2m---[0;39m [2m[io-9999-exec-10][0;39m [36mc.ssafy.vue.controller.BoardController  [0;39m [2m:[0;39m getArticle - í˜¸ì¶œ : 3
[2m2022-11-10 16:44:59.177[0;39m [32m INFO[0;39m [35m14580[0;39m [2m---[0;39m [2m[nio-9999-exec-1][0;39m [36mc.ssafy.vue.controller.BoardController  [0;39m [2m:[0;39m getArticle - í˜¸ì¶œ : 3
[2m2022-11-10 16:44:59.880[0;39m [32m INFO[0;39m [35m14580[0;39m [2m---[0;39m [2m[nio-9999-exec-2][0;39m [36mc.ssafy.vue.controller.BoardController  [0;39m [2m:[0;39m listArticle - í˜¸ì¶œ
[2m2022-11-10 16:45:01.313[0;39m [32m INFO[0;39m [35m14580[0;39m [2m---[0;39m [2m[nio-9999-exec-3][0;39m [36mc.ssafy.vue.controller.BoardController  [0;39m [2m:[0;39m getArticle - í˜¸ì¶œ : 3
[2m2022-11-10 16:45:44.736[0;39m [32m INFO[0;39m [35m14580[0;39m [2m---[0;39m [2m[nio-9999-exec-4][0;39m [36mc.ssafy.vue.controller.BoardController  [0;39m [2m:[0;39m getArticle - í˜¸ì¶œ : 3
[2m2022-11-10 16:45:44.753[0;39m [32m INFO[0;39m [35m14580[0;39m [2m---[0;39m [2m[nio-9999-exec-5][0;39m [36mc.ssafy.vue.controller.BoardController  [0;39m [2m:[0;39m getArticle - í˜¸ì¶œ : 3
[2m2022-11-10 16:45:46.203[0;39m [32m INFO[0;39m [35m14580[0;39m [2m---[0;39m [2m[nio-9999-exec-6][0;39m [36mc.ssafy.vue.controller.BoardController  [0;39m [2m:[0;39m getArticle - í˜¸ì¶œ : 3
[2m2022-11-10 16:45:52.138[0;39m [32m INFO[0;39m [35m14580[0;39m [2m---[0;39m [2m[nio-9999-exec-7][0;39m [36mc.ssafy.vue.controller.BoardController  [0;39m [2m:[0;39m getArticle - í˜¸ì¶œ : 3
[2m2022-11-10 16:47:17.616[0;39m [32m INFO[0;39m [35m14580[0;39m [2m---[0;39m [2m[nio-9999-exec-9][0;39m [36mc.ssafy.vue.controller.BoardController  [0;39m [2m:[0;39m getArticle - í˜¸ì¶œ : 3
[2m2022-11-10 16:48:03.179[0;39m [32m INFO[0;39m [35m14580[0;39m [2m---[0;39m [2m[io-9999-exec-10][0;39m [36mc.ssafy.vue.controller.BoardController  [0;39m [2m:[0;39m getArticle - í˜¸ì¶œ : 3
[2m2022-11-10 16:48:30.747[0;39m [32m INFO[0;39m [35m14580[0;39m [2m---[0;39m [2m[nio-9999-exec-1][0;39m [36mc.ssafy.vue.controller.BoardController  [0;39m [2m:[0;39m getArticle - í˜¸ì¶œ : 3
[2m2022-11-10 16:48:45.650[0;39m [32m INFO[0;39m [35m14580[0;39m [2m---[0;39m [2m[nio-9999-exec-2][0;39m [36mc.ssafy.vue.controller.BoardController  [0;39m [2m:[0;39m getArticle - í˜¸ì¶œ : 3
[2m2022-11-10 16:49:01.787[0;39m [32m INFO[0;39m [35m14580[0;39m [2m---[0;39m [2m[nio-9999-exec-3][0;39m [36mc.ssafy.vue.controller.BoardController  [0;39m [2m:[0;39m getArticle - í˜¸ì¶œ : 3
[2m2022-11-10 16:49:03.183[0;39m [32m INFO[0;39m [35m14580[0;39m [2m---[0;39m [2m[nio-9999-exec-4][0;39m [36mc.ssafy.vue.controller.BoardController  [0;39m [2m:[0;39m listArticle - í˜¸ì¶œ
[2m2022-11-10 16:49:04.373[0;39m [32m INFO[0;39m [35m14580[0;39m [2m---[0;39m [2m[nio-9999-exec-5][0;39m [36mc.ssafy.vue.controller.BoardController  [0;39m [2m:[0;39m getArticle - í˜¸ì¶œ : 4
[2m2022-11-10 16:49:05.689[0;39m [32m INFO[0;39m [35m14580[0;39m [2m---[0;39m [2m[nio-9999-exec-6][0;39m [36mc.ssafy.vue.controller.BoardController  [0;39m [2m:[0;39m listArticle - í˜¸ì¶œ
[2m2022-11-10 16:49:07.003[0;39m [32m INFO[0;39m [35m14580[0;39m [2m---[0;39m [2m[nio-9999-exec-7][0;39m [36mc.ssafy.vue.controller.BoardController  [0;39m [2m:[0;39m getArticle - í˜¸ì¶œ : 8
[2m2022-11-10 16:49:17.340[0;39m [32m INFO[0;39m [35m14580[0;39m [2m---[0;39m [2m[nio-9999-exec-8][0;39m [36mc.ssafy.vue.controller.BoardController  [0;39m [2m:[0;39m getArticle - í˜¸ì¶œ : 8
[2m2022-11-10 16:49:18.338[0;39m [32m INFO[0;39m [35m14580[0;39m [2m---[0;39m [2m[nio-9999-exec-9][0;39m [36mc.ssafy.vue.controller.BoardController  [0;39m [2m:[0;39m listArticle - í˜¸ì¶œ
[2m2022-11-10 16:49:19.620[0;39m [32m INFO[0;39m [35m14580[0;39m [2m---[0;39m [2m[io-9999-exec-10][0;39m [36mc.ssafy.vue.controller.BoardController  [0;39m [2m:[0;39m getArticle - í˜¸ì¶œ : 8
[2m2022-11-10 16:49:30.230[0;39m [32m INFO[0;39m [35m14580[0;39m [2m---[0;39m [2m[nio-9999-exec-1][0;39m [36mc.ssafy.vue.controller.BoardController  [0;39m [2m:[0;39m getArticle - í˜¸ì¶œ : 8
[2m2022-11-10 16:49:31.649[0;39m [32m INFO[0;39m [35m14580[0;39m [2m---[0;39m [2m[nio-9999-exec-2][0;39m [36mc.ssafy.vue.controller.BoardController  [0;39m [2m:[0;39m listArticle - í˜¸ì¶œ
[2m2022-11-10 16:49:53.490[0;39m [32m INFO[0;39m [35m14580[0;39m [2m---[0;39m [2m[nio-9999-exec-3][0;39m [36mc.ssafy.vue.controller.BoardController  [0;39m [2m:[0;39m getArticle - í˜¸ì¶œ : 4
[2m2022-11-10 16:50:00.473[0;39m [32m INFO[0;39m [35m14580[0;39m [2m---[0;39m [2m[nio-9999-exec-4][0;39m [36mc.ssafy.vue.controller.BoardController  [0;39m [2m:[0;39m getArticle - í˜¸ì¶œ : 4
[2m2022-11-10 16:50:01.803[0;39m [32m INFO[0;39m [35m14580[0;39m [2m---[0;39m [2m[nio-9999-exec-5][0;39m [36mc.ssafy.vue.controller.BoardController  [0;39m [2m:[0;39m listArticle - í˜¸ì¶œ
[2m2022-11-10 16:50:03.955[0;39m [32m INFO[0;39m [35m14580[0;39m [2m---[0;39m [2m[nio-9999-exec-6][0;39m [36mc.ssafy.vue.controller.BoardController  [0;39m [2m:[0;39m getArticle - í˜¸ì¶œ : 1
[2m2022-11-10 16:50:05.170[0;39m [32m INFO[0;39m [35m14580[0;39m [2m---[0;39m [2m[nio-9999-exec-7][0;39m [36mc.ssafy.vue.controller.BoardController  [0;39m [2m:[0;39m listArticle - í˜¸ì¶œ
[2m2022-11-10 16:50:06.011[0;39m [32m INFO[0;39m [35m14580[0;39m [2m---[0;39m [2m[nio-9999-exec-8][0;39m [36mc.ssafy.vue.controller.BoardController  [0;39m [2m:[0;39m getArticle - í˜¸ì¶œ : 8
[2m2022-11-10 16:50:06.834[0;39m [32m INFO[0;39m [35m14580[0;39m [2m---[0;39m [2m[nio-9999-exec-9][0;39m [36mc.ssafy.vue.controller.BoardController  [0;39m [2m:[0;39m listArticle - í˜¸ì¶œ
[2m2022-11-10 16:50:12.638[0;39m [32m INFO[0;39m [35m14580[0;39m [2m---[0;39m [2m[io-9999-exec-10][0;39m [36mc.ssafy.vue.controller.BoardController  [0;39m [2m:[0;39m getArticle - í˜¸ì¶œ : 8
[2m2022-11-10 16:50:20.129[0;39m [32m INFO[0;39m [35m14580[0;39m [2m---[0;39m [2m[nio-9999-exec-1][0;39m [36mc.ssafy.vue.controller.BoardController  [0;39m [2m:[0;39m getArticle - í˜¸ì¶œ : 8
[2m2022-11-10 16:50:21.259[0;39m [32m INFO[0;39m [35m14580[0;39m [2m---[0;39m [2m[nio-9999-exec-2][0;39m [36mc.ssafy.vue.controller.BoardController  [0;39m [2m:[0;39m listArticle - í˜¸ì¶œ
[2m2022-11-10 16:50:24.482[0;39m [32m INFO[0;39m [35m14580[0;39m [2m---[0;39m [2m[nio-9999-exec-3][0;39m [36mc.ssafy.vue.controller.BoardController  [0;39m [2m:[0;39m getArticle - í˜¸ì¶œ : 8
[2m2022-11-10 16:50:25.092[0;39m [32m INFO[0;39m [35m14580[0;39m [2m---[0;39m [2m[nio-9999-exec-4][0;39m [36mc.ssafy.vue.controller.BoardController  [0;39m [2m:[0;39m listArticle - í˜¸ì¶œ
[2m2022-11-10 16:52:17.966[0;39m [32m INFO[0;39m [35m14580[0;39m [2m---[0;39m [2m[nio-9999-exec-6][0;39m [36mc.ssafy.vue.controller.BoardController  [0;39m [2m:[0;39m listArticle - í˜¸ì¶œ
[2m2022-11-10 16:52:41.297[0;39m [32m INFO[0;39m [35m14580[0;39m [2m---[0;39m [2m[nio-9999-exec-7][0;39m [36mc.ssafy.vue.controller.BoardController  [0;39m [2m:[0;39m getArticle - í˜¸ì¶œ : 8
[2m2022-11-10 16:52:42.242[0;39m [32m INFO[0;39m [35m14580[0;39m [2m---[0;39m [2m[nio-9999-exec-8][0;39m [36mc.ssafy.vue.controller.BoardController  [0;39m [2m:[0;39m listArticle - í˜¸ì¶œ
[2m2022-11-10 16:52:43.243[0;39m [32m INFO[0;39m [35m14580[0;39m [2m---[0;39m [2m[nio-9999-exec-9][0;39m [36mc.ssafy.vue.controller.BoardController  [0;39m [2m:[0;39m getArticle - í˜¸ì¶œ : 3
[2m2022-11-10 16:52:44.449[0;39m [32m INFO[0;39m [35m14580[0;39m [2m---[0;39m [2m[io-9999-exec-10][0;39m [36mc.ssafy.vue.controller.BoardController  [0;39m [2m:[0;39m listArticle - í˜¸ì¶œ
[2m2022-11-10 16:52:44.881[0;39m [32m INFO[0;39m [35m14580[0;39m [2m---[0;39m [2m[nio-9999-exec-1][0;39m [36mc.ssafy.vue.controller.BoardController  [0;39m [2m:[0;39m getArticle - í˜¸ì¶œ : 2
[2m2022-11-10 16:52:45.555[0;39m [32m INFO[0;39m [35m14580[0;39m [2m---[0;39m [2m[nio-9999-exec-2][0;39m [36mc.ssafy.vue.controller.BoardController  [0;39m [2m:[0;39m listArticle - í˜¸ì¶œ
[2m2022-11-10 16:52:46.385[0;39m [32m INFO[0;39m [35m14580[0;39m [2m---[0;39m [2m[nio-9999-exec-3][0;39m [36mc.ssafy.vue.controller.BoardController  [0;39m [2m:[0;39m getArticle - í˜¸ì¶œ : 1
[2m2022-11-10 16:52:47.819[0;39m [32m INFO[0;39m [35m14580[0;39m [2m---[0;39m [2m[nio-9999-exec-4][0;39m [36mc.ssafy.vue.controller.BoardController  [0;39m [2m:[0;39m listArticle - í˜¸ì¶œ
[2m2022-11-10 16:52:49.017[0;39m [32m INFO[0;39m [35m14580[0;39m [2m---[0;39m [2m[nio-9999-exec-5][0;39m [36mc.ssafy.vue.controller.BoardController  [0;39m [2m:[0;39m getArticle - í˜¸ì¶œ : 4
[2m2022-11-10 16:52:50.201[0;39m [32m INFO[0;39m [35m14580[0;39m [2m---[0;39m [2m[nio-9999-exec-6][0;39m [36mc.ssafy.vue.controller.BoardController  [0;39m [2m:[0;39m listArticle - í˜¸ì¶œ
[2m2022-11-10 16:52:50.769[0;39m [32m INFO[0;39m [35m14580[0;39m [2m---[0;39m [2m[nio-9999-exec-7][0;39m [36mc.ssafy.vue.controller.BoardController  [0;39m [2m:[0;39m getArticle - í˜¸ì¶œ : 8
[2m2022-11-10 16:52:52.763[0;39m [32m INFO[0;39m [35m14580[0;39m [2m---[0;39m [2m[nio-9999-exec-8][0;39m [36mc.ssafy.vue.controller.BoardController  [0;39m [2m:[0;39m listArticle - í˜¸ì¶œ
[2m2022-11-10 16:53:02.262[0;39m [32m INFO[0;39m [35m14580[0;39m [2m---[0;39m [2m[nio-9999-exec-9][0;39m [36mc.ssafy.vue.controller.BoardController  [0;39m [2m:[0;39m writeArticle - í˜¸ì¶œ
[2m2022-11-10 16:53:03.130[0;39m [32m INFO[0;39m [35m14580[0;39m [2m---[0;39m [2m[io-9999-exec-10][0;39m [36mc.ssafy.vue.controller.BoardController  [0;39m [2m:[0;39m listArticle - í˜¸ì¶œ
[2m2022-11-10 16:53:04.888[0;39m [32m INFO[0;39m [35m14580[0;39m [2m---[0;39m [2m[nio-9999-exec-1][0;39m [36mc.ssafy.vue.controller.BoardController  [0;39m [2m:[0;39m getArticle - í˜¸ì¶œ : 9
[2m2022-11-10 16:53:06.466[0;39m [32m INFO[0;39m [35m14580[0;39m [2m---[0;39m [2m[nio-9999-exec-2][0;39m [36mc.ssafy.vue.controller.BoardController  [0;39m [2m:[0;39m listArticle - í˜¸ì¶œ
[2m2022-11-10 16:57:34.151[0;39m [32m INFO[0;39m [35m14580[0;39m [2m---[0;39m [2m[nio-9999-exec-4][0;39m [36mc.ssafy.vue.controller.BoardController  [0;39m [2m:[0;39m listArticle - í˜¸ì¶œ
[2m2022-11-10 16:59:20.484[0;39m [32m INFO[0;39m [35m14580[0;39m [2m---[0;39m [2m[nio-9999-exec-6][0;39m [36mc.ssafy.vue.controller.BoardController  [0;39m [2m:[0;39m getArticle - í˜¸ì¶œ : 9
[2m2022-11-10 16:59:21.544[0;39m [32m INFO[0;39m [35m14580[0;39m [2m---[0;39m [2m[nio-9999-exec-7][0;39m [36mc.ssafy.vue.controller.BoardController  [0;39m [2m:[0;39m getArticle - í˜¸ì¶œ : 9
[2m2022-11-10 16:59:23.064[0;39m [32m INFO[0;39m [35m14580[0;39m [2m---[0;39m [2m[nio-9999-exec-8][0;39m [36mc.ssafy.vue.controller.BoardController  [0;39m [2m:[0;39m modifyArticle - í˜¸ì¶œ BoardDto [articleno=9, userid=ssafy, subject=ë°°ê³ íŒŒã…Žã…Ž, content=ë‚˜ë„, hit=3, regtime=2022-11-10 16:53:02]
[2m2022-11-10 16:59:24.016[0;39m [32m INFO[0;39m [35m14580[0;39m [2m---[0;39m [2m[nio-9999-exec-9][0;39m [36mc.ssafy.vue.controller.BoardController  [0;39m [2m:[0;39m listArticle - í˜¸ì¶œ
[2m2022-11-10 16:59:25.570[0;39m [32m INFO[0;39m [35m14580[0;39m [2m---[0;39m [2m[io-9999-exec-10][0;39m [36mc.ssafy.vue.controller.BoardController  [0;39m [2m:[0;39m getArticle - í˜¸ì¶œ : 9
[2m2022-11-10 17:01:44.174[0;39m [32m INFO[0;39m [35m14580[0;39m [2m---[0;39m [2m[nio-9999-exec-2][0;39m [36mc.ssafy.vue.controller.BoardController  [0;39m [2m:[0;39m getArticle - í˜¸ì¶œ : 9
[2m2022-11-10 17:03:36.887[0;39m [32m INFO[0;39m [35m14580[0;39m [2m---[0;39m [2m[nio-9999-exec-4][0;39m [36mc.ssafy.vue.controller.BoardController  [0;39m [2m:[0;39m getArticle - í˜¸ì¶œ : 9
[2m2022-11-10 17:03:44.600[0;39m [32m INFO[0;39m [35m14580[0;39m [2m---[0;39m [2m[nio-9999-exec-5][0;39m [36mc.ssafy.vue.controller.BoardController  [0;39m [2m:[0;39m listArticle - í˜¸ì¶œ
[2m2022-11-10 17:03:45.332[0;39m [32m INFO[0;39m [35m14580[0;39m [2m---[0;39m [2m[nio-9999-exec-6][0;39m [36mc.ssafy.vue.controller.BoardController  [0;39m [2m:[0;39m getArticle - í˜¸ì¶œ : 9
[2m2022-11-10 17:03:45.859[0;39m [32m INFO[0;39m [35m14580[0;39m [2m---[0;39m [2m[nio-9999-exec-8][0;39m [36mc.ssafy.vue.controller.BoardController  [0;39m [2m:[0;39m deleteArticle - í˜¸ì¶œ
[2m2022-11-10 17:03:46.665[0;39m [32m INFO[0;39m [35m14580[0;39m [2m---[0;39m [2m[nio-9999-exec-9][0;39m [36mc.ssafy.vue.controller.BoardController  [0;39m [2m:[0;39m listArticle - í˜¸ì¶œ
[2m2022-11-10 17:03:48.411[0;39m [32m INFO[0;39m [35m14580[0;39m [2m---[0;39m [2m[io-9999-exec-10][0;39m [36mc.ssafy.vue.controller.BoardController  [0;39m [2m:[0;39m getArticle - í˜¸ì¶œ : 8
[2m2022-11-10 17:03:49.683[0;39m [32m INFO[0;39m [35m14580[0;39m [2m---[0;39m [2m[nio-9999-exec-1][0;39m [36mc.ssafy.vue.controller.BoardController  [0;39m [2m:[0;39m listArticle - í˜¸ì¶œ
[2m2022-11-10 17:11:35.214[0;39m [32m INFO[0;39m [35m14580[0;39m [2m---[0;39m [2m[nio-9999-exec-3][0;39m [36mc.ssafy.vue.controller.BoardController  [0;39m [2m:[0;39m getArticle - í˜¸ì¶œ : 1
[2m2022-11-10 17:11:36.275[0;39m [32m INFO[0;39m [35m14580[0;39m [2m---[0;39m [2m[nio-9999-exec-4][0;39m [36mc.ssafy.vue.controller.BoardController  [0;39m [2m:[0;39m listArticle - í˜¸ì¶œ
