[2m2022-11-23 00:00:45.020[0;39m [32m INFO[0;39m [35m18676[0;39m [2m---[0;39m [2m[nio-9999-exec-9][0;39m [36mc.ssafy.vue.controller.BoardController  [0;39m [2m:[0;39m listWishId - 호출
[2m2022-11-23 00:00:45.678[0;39m [32m INFO[0;39m [35m18676[0;39m [2m---[0;39m [2m[nio-9999-exec-9][0;39m [36mc.ssafy.vue.controller.BoardController  [0;39m [2m:[0;39m listArticle - 호출
[2m2022-11-23 00:00:45.686[0;39m [32m INFO[0;39m [35m18676[0;39m [2m---[0;39m [2m[nio-9999-exec-6][0;39m [36mc.s.vue.controller.TrafficController    [0;39m [2m:[0;39m listBusStop - 호출
[2m2022-11-23 00:00:45.687[0;39m [32m INFO[0;39m [35m18676[0;39m [2m---[0;39m [2m[io-9999-exec-10][0;39m [36mc.s.vue.controller.TrafficController    [0;39m [2m:[0;39m listSubway - 호출
[2m2022-11-23 00:00:49.686[0;39m [32m INFO[0;39m [35m18676[0;39m [2m---[0;39m [2m[nio-9999-exec-9][0;39m [36mc.ssafy.vue.controller.BoardController  [0;39m [2m:[0;39m listArticle - 호출
[2m2022-11-23 00:00:49.690[0;39m [32m INFO[0;39m [35m18676[0;39m [2m---[0;39m [2m[io-9999-exec-10][0;39m [36mc.s.vue.controller.TrafficController    [0;39m [2m:[0;39m listBusStop - 호출
[2m2022-11-23 00:00:49.691[0;39m [32m INFO[0;39m [35m18676[0;39m [2m---[0;39m [2m[nio-9999-exec-6][0;39m [36mc.s.vue.controller.TrafficController    [0;39m [2m:[0;39m listSubway - 호출
[2m2022-11-23 00:00:59.803[0;39m [32m INFO[0;39m [35m18676[0;39m [2m---[0;39m [2m[nio-9999-exec-8][0;39m [36mc.ssafy.vue.controller.BoardController  [0;39m [2m:[0;39m listWishId - 호출
[2m2022-11-23 00:01:00.993[0;39m [32m INFO[0;39m [35m18676[0;39m [2m---[0;39m [2m[nio-9999-exec-1][0;39m [36mc.ssafy.vue.controller.BoardController  [0;39m [2m:[0;39m listArticle - 호출
[2m2022-11-23 00:01:01.000[0;39m [32m INFO[0;39m [35m18676[0;39m [2m---[0;39m [2m[nio-9999-exec-8][0;39m [36mc.s.vue.controller.TrafficController    [0;39m [2m:[0;39m listBusStop - 호출
[2m2022-11-23 00:01:01.000[0;39m [32m INFO[0;39m [35m18676[0;39m [2m---[0;39m [2m[nio-9999-exec-3][0;39m [36mc.s.vue.controller.TrafficController    [0;39m [2m:[0;39m listSubway - 호출
[2m2022-11-23 00:02:53.918[0;39m [32m INFO[0;39m [35m18676[0;39m [2m---[0;39m [2m[io-9999-exec-10][0;39m [36mc.ssafy.vue.controller.BoardController  [0;39m [2m:[0;39m listWishId - 호출
[2m2022-11-23 00:03:04.045[0;39m [32m INFO[0;39m [35m18676[0;39m [2m---[0;39m [2m[nio-9999-exec-1][0;39m [36mc.ssafy.vue.controller.BoardController  [0;39m [2m:[0;39m listWishId - 호출
[2m2022-11-23 00:03:10.401[0;39m [32m INFO[0;39m [35m18676[0;39m [2m---[0;39m [2m[nio-9999-exec-5][0;39m [36mc.ssafy.vue.controller.BoardController  [0;39m [2m:[0;39m listArticle - 호출
[2m2022-11-23 00:03:10.409[0;39m [32m INFO[0;39m [35m18676[0;39m [2m---[0;39m [2m[io-9999-exec-10][0;39m [36mc.s.vue.controller.TrafficController    [0;39m [2m:[0;39m listBusStop - 호출
[2m2022-11-23 00:03:10.409[0;39m [32m INFO[0;39m [35m18676[0;39m [2m---[0;39m [2m[nio-9999-exec-4][0;39m [36mc.s.vue.controller.TrafficController    [0;39m [2m:[0;39m listSubway - 호출
[2m2022-11-23 00:04:56.739[0;39m [32m INFO[0;39m [35m18676[0;39m [2m---[0;39m [2m[nio-9999-exec-3][0;39m [36mc.ssafy.vue.controller.BoardController  [0;39m [2m:[0;39m listWishId - 호출
[2m2022-11-23 00:23:15.765[0;39m [32m INFO[0;39m [35m18676[0;39m [2m---[0;39m [2m[nio-9999-exec-2][0;39m [36mc.ssafy.vue.controller.BoardController  [0;39m [2m:[0;39m listArticle - 호출
[2m2022-11-23 00:23:15.777[0;39m [32m INFO[0;39m [35m18676[0;39m [2m---[0;39m [2m[nio-9999-exec-9][0;39m [36mc.s.vue.controller.TrafficController    [0;39m [2m:[0;39m listBusStop - 호출
[2m2022-11-23 00:23:15.778[0;39m [32m INFO[0;39m [35m18676[0;39m [2m---[0;39m [2m[nio-9999-exec-1][0;39m [36mc.s.vue.controller.TrafficController    [0;39m [2m:[0;39m listSubway - 호출
[2m2022-11-23 00:24:00.668[0;39m [32m INFO[0;39m [35m18676[0;39m [2m---[0;39m [2m[nio-9999-exec-6][0;39m [36mc.ssafy.vue.controller.BoardController  [0;39m [2m:[0;39m listArticle - 호출
[2m2022-11-23 00:24:00.681[0;39m [32m INFO[0;39m [35m18676[0;39m [2m---[0;39m [2m[nio-9999-exec-4][0;39m [36mc.s.vue.controller.TrafficController    [0;39m [2m:[0;39m listSubway - 호출
[2m2022-11-23 00:24:00.681[0;39m [32m INFO[0;39m [35m18676[0;39m [2m---[0;39m [2m[nio-9999-exec-5][0;39m [36mc.s.vue.controller.TrafficController    [0;39m [2m:[0;39m listBusStop - 호출
[2m2022-11-23 00:24:43.316[0;39m [32m INFO[0;39m [35m18676[0;39m [2m---[0;39m [2m[nio-9999-exec-8][0;39m [36mc.ssafy.vue.controller.BoardController  [0;39m [2m:[0;39m listArticle - 호출
[2m2022-11-23 00:24:43.323[0;39m [32m INFO[0;39m [35m18676[0;39m [2m---[0;39m [2m[nio-9999-exec-2][0;39m [36mc.s.vue.controller.TrafficController    [0;39m [2m:[0;39m listBusStop - 호출
[2m2022-11-23 00:24:43.323[0;39m [32m INFO[0;39m [35m18676[0;39m [2m---[0;39m [2m[nio-9999-exec-1][0;39m [36mc.s.vue.controller.TrafficController    [0;39m [2m:[0;39m listSubway - 호출
[2m2022-11-23 00:24:59.903[0;39m [32m INFO[0;39m [35m18676[0;39m [2m---[0;39m [2m[nio-9999-exec-7][0;39m [36mc.ssafy.vue.controller.BoardController  [0;39m [2m:[0;39m listArticle - 호출
[2m2022-11-23 00:24:59.909[0;39m [32m INFO[0;39m [35m18676[0;39m [2m---[0;39m [2m[nio-9999-exec-6][0;39m [36mc.s.vue.controller.TrafficController    [0;39m [2m:[0;39m listBusStop - 호출
[2m2022-11-23 00:24:59.909[0;39m [32m INFO[0;39m [35m18676[0;39m [2m---[0;39m [2m[nio-9999-exec-4][0;39m [36mc.s.vue.controller.TrafficController    [0;39m [2m:[0;39m listSubway - 호출
[2m2022-11-23 00:27:00.662[0;39m [32m INFO[0;39m [35m18676[0;39m [2m---[0;39m [2m[nio-9999-exec-2][0;39m [36mc.ssafy.vue.controller.BoardController  [0;39m [2m:[0;39m listArticle - 호출
[2m2022-11-23 00:27:00.670[0;39m [32m INFO[0;39m [35m18676[0;39m [2m---[0;39m [2m[io-9999-exec-10][0;39m [36mc.s.vue.controller.TrafficController    [0;39m [2m:[0;39m listBusStop - 호출
[2m2022-11-23 00:27:00.670[0;39m [32m INFO[0;39m [35m18676[0;39m [2m---[0;39m [2m[nio-9999-exec-7][0;39m [36mc.s.vue.controller.TrafficController    [0;39m [2m:[0;39m listSubway - 호출
[2m2022-11-23 00:27:08.557[0;39m [32m INFO[0;39m [35m18676[0;39m [2m---[0;39m [2m[nio-9999-exec-6][0;39m [36mc.ssafy.vue.controller.BoardController  [0;39m [2m:[0;39m listArticle - 호출
[2m2022-11-23 00:27:08.563[0;39m [32m INFO[0;39m [35m18676[0;39m [2m---[0;39m [2m[nio-9999-exec-9][0;39m [36mc.s.vue.controller.TrafficController    [0;39m [2m:[0;39m listBusStop - 호출
[2m2022-11-23 00:27:08.563[0;39m [32m INFO[0;39m [35m18676[0;39m [2m---[0;39m [2m[nio-9999-exec-3][0;39m [36mc.s.vue.controller.TrafficController    [0;39m [2m:[0;39m listSubway - 호출
[2m2022-11-23 00:27:10.634[0;39m [32m INFO[0;39m [35m18676[0;39m [2m---[0;39m [2m[nio-9999-exec-8][0;39m [36mc.ssafy.vue.controller.BoardController  [0;39m [2m:[0;39m listWishId - 호출
[2m2022-11-23 00:28:58.323[0;39m [31mERROR[0;39m [35m18676[0;39m [2m---[0;39m [2m[nio-9999-exec-9][0;39m [36mc.s.vue.model.service.JwtServiceImpl    [0;39m [2m:[0;39m JWT expired at 2022-11-22T23:47:47Z. Current time: 2022-11-23T00:28:58Z, a difference of 2471323 milliseconds.  Allowed clock skew: 0 milliseconds.
[2m2022-11-23 00:28:58.323[0;39m [31mERROR[0;39m [35m18676[0;39m [2m---[0;39m [2m[nio-9999-exec-9][0;39m [36mc.ssafy.vue.controller.MemberController [0;39m [2m:[0;39m 사용 불가능 토큰!!!
[2m2022-11-23 00:28:58.330[0;39m [32mDEBUG[0;39m [35m18676[0;39m [2m---[0;39m [2m[nio-9999-exec-8][0;39m [36mc.ssafy.vue.controller.MemberController [0;39m [2m:[0;39m token : eyJ0eXAiOiJKV1QiLCJyZWdEYXRlIjoxNjY5MTI4NDU3MjE5LCJhbGciOiJIUzI1NiJ9.eyJleHAiOjE2NjkxMjg0ODcsInN1YiI6InJlZnJlc2gtdG9rZW4iLCJ1c2VyaWQiOiJzc2FmeSJ9.d6N3Wbz1E3nBsJIVyR0FUYgsZFULcrhiWUMl9VVis6E, memberDto : com.ssafy.vue.model.MemberDto@46011794
[2m2022-11-23 00:28:58.331[0;39m [31mERROR[0;39m [35m18676[0;39m [2m---[0;39m [2m[nio-9999-exec-8][0;39m [36mc.s.vue.model.service.JwtServiceImpl    [0;39m [2m:[0;39m JWT expired at 2022-11-22T23:48:07Z. Current time: 2022-11-23T00:28:58Z, a difference of 2451330 milliseconds.  Allowed clock skew: 0 milliseconds.
[2m2022-11-23 00:28:58.331[0;39m [32mDEBUG[0;39m [35m18676[0;39m [2m---[0;39m [2m[nio-9999-exec-8][0;39m [36mc.ssafy.vue.controller.MemberController [0;39m [2m:[0;39m 리프레쉬토큰도 사용불!!!!!!!
[2m2022-11-23 00:29:00.271[0;39m [32mDEBUG[0;39m [35m18676[0;39m [2m---[0;39m [2m[io-9999-exec-10][0;39m [36mc.ssafy.vue.controller.MemberController [0;39m [2m:[0;39m 로그인 accessToken 정보 : eyJ0eXAiOiJKV1QiLCJyZWdEYXRlIjoxNjY5MTMwOTQwMjU5LCJhbGciOiJIUzI1NiJ9.eyJleHAiOjE2NjkxMzA5NTAsInN1YiI6ImFjY2Vzcy10b2tlbiIsInVzZXJpZCI6InNzYWZ5In0.vySNknce-9GMAfFk-10PIPmjS8ZcqxPh8rAywIJTldk
[2m2022-11-23 00:29:00.271[0;39m [32mDEBUG[0;39m [35m18676[0;39m [2m---[0;39m [2m[io-9999-exec-10][0;39m [36mc.ssafy.vue.controller.MemberController [0;39m [2m:[0;39m 로그인 refreshToken 정보 : eyJ0eXAiOiJKV1QiLCJyZWdEYXRlIjoxNjY5MTMwOTQwMjYwLCJhbGciOiJIUzI1NiJ9.eyJleHAiOjE2NjkxMzA5NzAsInN1YiI6InJlZnJlc2gtdG9rZW4iLCJ1c2VyaWQiOiJzc2FmeSJ9.Jd33PpNgspRr9jIwwzmc_5ZaU6_-9JZbIixSPyamVF4
[2m2022-11-23 00:29:00.282[0;39m [32m INFO[0;39m [35m18676[0;39m [2m---[0;39m [2m[nio-9999-exec-6][0;39m [36mc.ssafy.vue.controller.MemberController [0;39m [2m:[0;39m 사용 가능한 토큰!!!
[2m2022-11-23 00:29:00.837[0;39m [32m INFO[0;39m [35m18676[0;39m [2m---[0;39m [2m[nio-9999-exec-3][0;39m [36mc.ssafy.vue.controller.MemberController [0;39m [2m:[0;39m 사용 가능한 토큰!!!
[2m2022-11-23 00:29:09.324[0;39m [32m INFO[0;39m [35m18676[0;39m [2m---[0;39m [2m[nio-9999-exec-9][0;39m [36mc.ssafy.vue.controller.BoardController  [0;39m [2m:[0;39m listWishId - 호출
[2m2022-11-23 00:29:10.831[0;39m [32m INFO[0;39m [35m18676[0;39m [2m---[0;39m [2m[nio-9999-exec-1][0;39m [36mc.ssafy.vue.controller.BoardController  [0;39m [2m:[0;39m listWishId - 호출
[2m2022-11-23 00:29:12.028[0;39m [32m INFO[0;39m [35m18676[0;39m [2m---[0;39m [2m[io-9999-exec-10][0;39m [36mc.ssafy.vue.controller.BoardController  [0;39m [2m:[0;39m listArticle - 호출
[2m2022-11-23 00:29:12.036[0;39m [32m INFO[0;39m [35m18676[0;39m [2m---[0;39m [2m[nio-9999-exec-3][0;39m [36mc.s.vue.controller.TrafficController    [0;39m [2m:[0;39m listBusStop - 호출
[2m2022-11-23 00:29:12.036[0;39m [32m INFO[0;39m [35m18676[0;39m [2m---[0;39m [2m[nio-9999-exec-8][0;39m [36mc.s.vue.controller.TrafficController    [0;39m [2m:[0;39m listSubway - 호출
[2m2022-11-23 00:29:14.542[0;39m [32m INFO[0;39m [35m18676[0;39m [2m---[0;39m [2m[nio-9999-exec-2][0;39m [36mc.ssafy.vue.controller.BoardController  [0;39m [2m:[0;39m listWishId - 호출
[2m2022-11-23 00:29:38.862[0;39m [32m INFO[0;39m [35m18676[0;39m [2m---[0;39m [2m[nio-9999-exec-3][0;39m [36mc.ssafy.vue.controller.BoardController  [0;39m [2m:[0;39m listArticle - 호출
[2m2022-11-23 00:29:38.869[0;39m [32m INFO[0;39m [35m18676[0;39m [2m---[0;39m [2m[nio-9999-exec-9][0;39m [36mc.s.vue.controller.TrafficController    [0;39m [2m:[0;39m listBusStop - 호출
[2m2022-11-23 00:29:38.869[0;39m [32m INFO[0;39m [35m18676[0;39m [2m---[0;39m [2m[nio-9999-exec-1][0;39m [36mc.s.vue.controller.TrafficController    [0;39m [2m:[0;39m listSubway - 호출
[2m2022-11-23 00:29:40.209[0;39m [32m INFO[0;39m [35m18676[0;39m [2m---[0;39m [2m[nio-9999-exec-6][0;39m [36mc.ssafy.vue.controller.BoardController  [0;39m [2m:[0;39m listWishId - 호출
[2m2022-11-23 00:29:40.849[0;39m [32m INFO[0;39m [35m18676[0;39m [2m---[0;39m [2m[nio-9999-exec-8][0;39m [36mc.ssafy.vue.controller.BoardController  [0;39m [2m:[0;39m listArticle - 호출
[2m2022-11-23 00:29:40.855[0;39m [32m INFO[0;39m [35m18676[0;39m [2m---[0;39m [2m[nio-9999-exec-6][0;39m [36mc.s.vue.controller.TrafficController    [0;39m [2m:[0;39m listBusStop - 호출
[2m2022-11-23 00:29:40.855[0;39m [32m INFO[0;39m [35m18676[0;39m [2m---[0;39m [2m[nio-9999-exec-4][0;39m [36mc.s.vue.controller.TrafficController    [0;39m [2m:[0;39m listSubway - 호출
[2m2022-11-23 00:29:42.039[0;39m [32m INFO[0;39m [35m18676[0;39m [2m---[0;39m [2m[nio-9999-exec-7][0;39m [36mc.ssafy.vue.controller.BoardController  [0;39m [2m:[0;39m listWishId - 호출
[2m2022-11-23 00:29:43.197[0;39m [32m INFO[0;39m [35m18676[0;39m [2m---[0;39m [2m[nio-9999-exec-9][0;39m [36mc.ssafy.vue.controller.BoardController  [0;39m [2m:[0;39m listArticle - 호출
[2m2022-11-23 00:29:43.205[0;39m [32m INFO[0;39m [35m18676[0;39m [2m---[0;39m [2m[nio-9999-exec-7][0;39m [36mc.s.vue.controller.TrafficController    [0;39m [2m:[0;39m listBusStop - 호출
[2m2022-11-23 00:29:43.205[0;39m [32m INFO[0;39m [35m18676[0;39m [2m---[0;39m [2m[nio-9999-exec-5][0;39m [36mc.s.vue.controller.TrafficController    [0;39m [2m:[0;39m listSubway - 호출
[2m2022-11-23 00:30:17.839[0;39m [32m INFO[0;39m [35m18676[0;39m [2m---[0;39m [2m[nio-9999-exec-2][0;39m [36mc.ssafy.vue.controller.BoardController  [0;39m [2m:[0;39m listWishId - 호출
[2m2022-11-23 00:38:10.995[0;39m [32m INFO[0;39m [35m18676[0;39m [2m---[0;39m [2m[nio-9999-exec-8][0;39m [36mc.ssafy.vue.controller.BoardController  [0;39m [2m:[0;39m listArticle - 호출
[2m2022-11-23 00:38:11.002[0;39m [32m INFO[0;39m [35m18676[0;39m [2m---[0;39m [2m[nio-9999-exec-4][0;39m [36mc.s.vue.controller.TrafficController    [0;39m [2m:[0;39m listBusStop - 호출
[2m2022-11-23 00:38:11.002[0;39m [32m INFO[0;39m [35m18676[0;39m [2m---[0;39m [2m[nio-9999-exec-1][0;39m [36mc.s.vue.controller.TrafficController    [0;39m [2m:[0;39m listSubway - 호출
[2m2022-11-23 00:39:10.807[0;39m [32m INFO[0;39m [35m18676[0;39m [2m---[0;39m [2m[nio-9999-exec-9][0;39m [36mc.ssafy.vue.controller.BoardController  [0;39m [2m:[0;39m listWishId - 호출
[2m2022-11-23 00:47:05.698[0;39m [32m INFO[0;39m [35m18676[0;39m [2m---[0;39m [2m[nio-9999-exec-4][0;39m [36mc.ssafy.vue.controller.BoardController  [0;39m [2m:[0;39m listArticle - 호출
[2m2022-11-23 00:47:05.706[0;39m [32m INFO[0;39m [35m18676[0;39m [2m---[0;39m [2m[nio-9999-exec-9][0;39m [36mc.s.vue.controller.TrafficController    [0;39m [2m:[0;39m listSubway - 호출
[2m2022-11-23 00:47:05.706[0;39m [32m INFO[0;39m [35m18676[0;39m [2m---[0;39m [2m[nio-9999-exec-2][0;39m [36mc.s.vue.controller.TrafficController    [0;39m [2m:[0;39m listBusStop - 호출
[2m2022-11-23 00:47:11.955[0;39m [32m INFO[0;39m [35m18676[0;39m [2m---[0;39m [2m[nio-9999-exec-6][0;39m [36mc.ssafy.vue.controller.BoardController  [0;39m [2m:[0;39m listWishId - 호출
[2m2022-11-23 00:47:16.083[0;39m [32m INFO[0;39m [35m18676[0;39m [2m---[0;39m [2m[io-9999-exec-10][0;39m [36mc.ssafy.vue.controller.BoardController  [0;39m [2m:[0;39m listArticle - 호출
[2m2022-11-23 00:47:16.089[0;39m [32m INFO[0;39m [35m18676[0;39m [2m---[0;39m [2m[nio-9999-exec-4][0;39m [36mc.s.vue.controller.TrafficController    [0;39m [2m:[0;39m listBusStop - 호출
[2m2022-11-23 00:47:16.089[0;39m [32m INFO[0;39m [35m18676[0;39m [2m---[0;39m [2m[nio-9999-exec-9][0;39m [36mc.s.vue.controller.TrafficController    [0;39m [2m:[0;39m listSubway - 호출
[2m2022-11-23 00:47:17.474[0;39m [32m INFO[0;39m [35m18676[0;39m [2m---[0;39m [2m[nio-9999-exec-2][0;39m [36mc.ssafy.vue.controller.BoardController  [0;39m [2m:[0;39m listWishId - 호출
[2m2022-11-23 00:48:23.413[0;39m [32m INFO[0;39m [35m18676[0;39m [2m---[0;39m [2m[io-9999-exec-10][0;39m [36mc.ssafy.vue.controller.BoardController  [0;39m [2m:[0;39m listWishId - 호출
[2m2022-11-23 00:48:36.831[0;39m [32m INFO[0;39m [35m18676[0;39m [2m---[0;39m [2m[nio-9999-exec-6][0;39m [36mc.ssafy.vue.controller.BoardController  [0;39m [2m:[0;39m listWishId - 호출
[2m2022-11-23 00:48:50.522[0;39m [32m INFO[0;39m [35m18676[0;39m [2m---[0;39m [2m[nio-9999-exec-7][0;39m [36mc.ssafy.vue.controller.BoardController  [0;39m [2m:[0;39m listWishId - 호출
[2m2022-11-23 00:49:00.953[0;39m [32m INFO[0;39m [35m18676[0;39m [2m---[0;39m [2m[nio-9999-exec-2][0;39m [36mc.ssafy.vue.controller.BoardController  [0;39m [2m:[0;39m listWishId - 호출
[2m2022-11-23 00:49:03.670[0;39m [32m INFO[0;39m [35m18676[0;39m [2m---[0;39m [2m[nio-9999-exec-9][0;39m [36mc.ssafy.vue.controller.BoardController  [0;39m [2m:[0;39m listArticle - 호출
[2m2022-11-23 00:49:03.674[0;39m [32m INFO[0;39m [35m18676[0;39m [2m---[0;39m [2m[nio-9999-exec-7][0;39m [36mc.s.vue.controller.TrafficController    [0;39m [2m:[0;39m listBusStop - 호출
[2m2022-11-23 00:49:03.675[0;39m [32m INFO[0;39m [35m18676[0;39m [2m---[0;39m [2m[io-9999-exec-10][0;39m [36mc.s.vue.controller.TrafficController    [0;39m [2m:[0;39m listSubway - 호출
[2m2022-11-23 00:49:05.044[0;39m [32m INFO[0;39m [35m18676[0;39m [2m---[0;39m [2m[nio-9999-exec-4][0;39m [36mc.ssafy.vue.controller.BoardController  [0;39m [2m:[0;39m listWishId - 호출
[2m2022-11-23 00:49:23.759[0;39m [32m INFO[0;39m [35m18676[0;39m [2m---[0;39m [2m[nio-9999-exec-5][0;39m [36mc.ssafy.vue.controller.BoardController  [0;39m [2m:[0;39m listWishId - 호출
[2m2022-11-23 00:49:36.411[0;39m [32m INFO[0;39m [35m18676[0;39m [2m---[0;39m [2m[nio-9999-exec-7][0;39m [36mc.ssafy.vue.controller.BoardController  [0;39m [2m:[0;39m listWishId - 호출
[2m2022-11-23 00:49:40.214[0;39m [32m INFO[0;39m [35m18676[0;39m [2m---[0;39m [2m[nio-9999-exec-8][0;39m [36mc.ssafy.vue.controller.BoardController  [0;39m [2m:[0;39m listWishId - 호출
[2m2022-11-23 00:49:43.995[0;39m [32m INFO[0;39m [35m18676[0;39m [2m---[0;39m [2m[io-9999-exec-10][0;39m [36mc.ssafy.vue.controller.BoardController  [0;39m [2m:[0;39m listWishId - 호출
[2m2022-11-23 00:51:07.050[0;39m [32m INFO[0;39m [35m18676[0;39m [2m---[0;39m [2m[nio-9999-exec-8][0;39m [36mc.ssafy.vue.controller.BoardController  [0;39m [2m:[0;39m listWishId - 호출
[2m2022-11-23 00:51:29.447[0;39m [32m INFO[0;39m [35m18676[0;39m [2m---[0;39m [2m[nio-9999-exec-6][0;39m [36mc.ssafy.vue.controller.BoardController  [0;39m [2m:[0;39m listWishId - 호출
[2m2022-11-23 00:56:11.535[0;39m [32m INFO[0;39m [35m18676[0;39m [2m---[0;39m [2m[nio-9999-exec-8][0;39m [36mc.ssafy.vue.controller.BoardController  [0;39m [2m:[0;39m listArticle - 호출
[2m2022-11-23 00:56:11.543[0;39m [32m INFO[0;39m [35m18676[0;39m [2m---[0;39m [2m[nio-9999-exec-9][0;39m [36mc.s.vue.controller.TrafficController    [0;39m [2m:[0;39m listBusStop - 호출
[2m2022-11-23 00:56:11.544[0;39m [32m INFO[0;39m [35m18676[0;39m [2m---[0;39m [2m[nio-9999-exec-1][0;39m [36mc.s.vue.controller.TrafficController    [0;39m [2m:[0;39m listSubway - 호출
[2m2022-11-23 00:56:17.227[0;39m [32m INFO[0;39m [35m18676[0;39m [2m---[0;39m [2m[io-9999-exec-10][0;39m [36mc.ssafy.vue.controller.BoardController  [0;39m [2m:[0;39m listWishId - 호출
[2m2022-11-23 01:03:02.633[0;39m [32m INFO[0;39m [35m18676[0;39m [2m---[0;39m [2m[nio-9999-exec-1][0;39m [36mc.ssafy.vue.controller.BoardController  [0;39m [2m:[0;39m listWishId - 호출
[2m2022-11-23 01:03:30.479[0;39m [32m INFO[0;39m [35m18676[0;39m [2m---[0;39m [2m[nio-9999-exec-4][0;39m [36mc.ssafy.vue.controller.BoardController  [0;39m [2m:[0;39m listWishId - 호출
[2m2022-11-23 01:06:12.461[0;39m [32m INFO[0;39m [35m18676[0;39m [2m---[0;39m [2m[nio-9999-exec-8][0;39m [36mc.ssafy.vue.controller.BoardController  [0;39m [2m:[0;39m listWishId - 호출
[2m2022-11-23 01:06:23.548[0;39m [32m INFO[0;39m [35m18676[0;39m [2m---[0;39m [2m[nio-9999-exec-6][0;39m [36mc.ssafy.vue.controller.BoardController  [0;39m [2m:[0;39m listWishId - 호출
[2m2022-11-23 01:07:07.003[0;39m [32m INFO[0;39m [35m18676[0;39m [2m---[0;39m [2m[nio-9999-exec-7][0;39m [36mc.ssafy.vue.controller.BoardController  [0;39m [2m:[0;39m listArticle - 호출
[2m2022-11-23 01:07:07.020[0;39m [32m INFO[0;39m [35m18676[0;39m [2m---[0;39m [2m[nio-9999-exec-4][0;39m [36mc.s.vue.controller.TrafficController    [0;39m [2m:[0;39m listSubway - 호출
[2m2022-11-23 01:07:07.020[0;39m [32m INFO[0;39m [35m18676[0;39m [2m---[0;39m [2m[nio-9999-exec-1][0;39m [36mc.s.vue.controller.TrafficController    [0;39m [2m:[0;39m listBusStop - 호출
[2m2022-11-23 01:07:09.006[0;39m [32m INFO[0;39m [35m18676[0;39m [2m---[0;39m [2m[nio-9999-exec-6][0;39m [36mc.ssafy.vue.controller.BoardController  [0;39m [2m:[0;39m listWishId - 호출
[2m2022-11-23 01:10:11.671[0;39m [32m INFO[0;39m [35m18676[0;39m [2m---[0;39m [2m[nio-9999-exec-1][0;39m [36mc.ssafy.vue.controller.BoardController  [0;39m [2m:[0;39m listWishId - 호출
[2m2022-11-23 01:10:16.958[0;39m [32m INFO[0;39m [35m18676[0;39m [2m---[0;39m [2m[nio-9999-exec-2][0;39m [36mc.ssafy.vue.controller.BoardController  [0;39m [2m:[0;39m listWishId - 호출
[2m2022-11-23 01:11:43.060[0;39m [32m INFO[0;39m [35m18676[0;39m [2m---[0;39m [2m[nio-9999-exec-4][0;39m [36mc.ssafy.vue.controller.BoardController  [0;39m [2m:[0;39m listWishId - 호출
[2m2022-11-23 01:11:54.890[0;39m [32m INFO[0;39m [35m18676[0;39m [2m---[0;39m [2m[nio-9999-exec-2][0;39m [36mc.ssafy.vue.controller.BoardController  [0;39m [2m:[0;39m listWishId - 호출
[2m2022-11-23 01:11:58.588[0;39m [32m INFO[0;39m [35m18676[0;39m [2m---[0;39m [2m[nio-9999-exec-9][0;39m [36mc.ssafy.vue.controller.BoardController  [0;39m [2m:[0;39m listWishId - 호출
[2m2022-11-23 01:18:58.219[0;39m [32m INFO[0;39m [35m18676[0;39m [2m---[0;39m [2m[nio-9999-exec-3][0;39m [36mc.ssafy.vue.controller.BoardController  [0;39m [2m:[0;39m listWishId - 호출
[2m2022-11-23 01:19:10.147[0;39m [32m INFO[0;39m [35m18676[0;39m [2m---[0;39m [2m[nio-9999-exec-7][0;39m [36mc.ssafy.vue.controller.BoardController  [0;39m [2m:[0;39m listWishId - 호출
[2m2022-11-23 01:19:54.100[0;39m [32m INFO[0;39m [35m18676[0;39m [2m---[0;39m [2m[nio-9999-exec-6][0;39m [36mc.ssafy.vue.controller.BoardController  [0;39m [2m:[0;39m listWishId - 호출
[2m2022-11-23 01:20:49.457[0;39m [32m INFO[0;39m [35m18676[0;39m [2m---[0;39m [2m[nio-9999-exec-2][0;39m [36mc.ssafy.vue.controller.BoardController  [0;39m [2m:[0;39m listWishId - 호출
[2m2022-11-23 01:21:15.711[0;39m [32m INFO[0;39m [35m18676[0;39m [2m---[0;39m [2m[nio-9999-exec-1][0;39m [36mc.ssafy.vue.controller.BoardController  [0;39m [2m:[0;39m listWishId - 호출
[2m2022-11-23 01:22:23.418[0;39m [32m INFO[0;39m [35m18676[0;39m [2m---[0;39m [2m[nio-9999-exec-8][0;39m [36mc.ssafy.vue.controller.BoardController  [0;39m [2m:[0;39m listWishId - 호출
[2m2022-11-23 01:22:36.878[0;39m [32m INFO[0;39m [35m18676[0;39m [2m---[0;39m [2m[nio-9999-exec-1][0;39m [36mc.ssafy.vue.controller.BoardController  [0;39m [2m:[0;39m listArticle - 호출
[2m2022-11-23 01:22:36.890[0;39m [32m INFO[0;39m [35m18676[0;39m [2m---[0;39m [2m[nio-9999-exec-6][0;39m [36mc.s.vue.controller.TrafficController    [0;39m [2m:[0;39m listBusStop - 호출
[2m2022-11-23 01:22:36.890[0;39m [32m INFO[0;39m [35m18676[0;39m [2m---[0;39m [2m[nio-9999-exec-3][0;39m [36mc.s.vue.controller.TrafficController    [0;39m [2m:[0;39m listSubway - 호출
[2m2022-11-23 01:22:38.275[0;39m [32m INFO[0;39m [35m18676[0;39m [2m---[0;39m [2m[nio-9999-exec-9][0;39m [36mc.ssafy.vue.controller.BoardController  [0;39m [2m:[0;39m listWishId - 호출
[2m2022-11-23 01:23:03.348[0;39m [32m INFO[0;39m [35m18676[0;39m [2m---[0;39m [2m[nio-9999-exec-4][0;39m [36mc.ssafy.vue.controller.BoardController  [0;39m [2m:[0;39m listWishId - 호출
[2m2022-11-23 01:23:05.604[0;39m [32m INFO[0;39m [35m18676[0;39m [2m---[0;39m [2m[nio-9999-exec-7][0;39m [36mc.ssafy.vue.controller.BoardController  [0;39m [2m:[0;39m listWishId - 호출
[2m2022-11-23 01:23:13.453[0;39m [32m INFO[0;39m [35m18676[0;39m [2m---[0;39m [2m[nio-9999-exec-8][0;39m [36mc.ssafy.vue.controller.BoardController  [0;39m [2m:[0;39m listWishId - 호출
[2m2022-11-23 01:23:15.217[0;39m [32m INFO[0;39m [35m18676[0;39m [2m---[0;39m [2m[nio-9999-exec-5][0;39m [36mc.ssafy.vue.controller.BoardController  [0;39m [2m:[0;39m listArticle - 호출
[2m2022-11-23 01:23:15.229[0;39m [32m INFO[0;39m [35m18676[0;39m [2m---[0;39m [2m[nio-9999-exec-4][0;39m [36mc.s.vue.controller.TrafficController    [0;39m [2m:[0;39m listBusStop - 호출
[2m2022-11-23 01:23:15.229[0;39m [32m INFO[0;39m [35m18676[0;39m [2m---[0;39m [2m[nio-9999-exec-7][0;39m [36mc.s.vue.controller.TrafficController    [0;39m [2m:[0;39m listSubway - 호출
[2m2022-11-23 01:23:16.704[0;39m [32m INFO[0;39m [35m18676[0;39m [2m---[0;39m [2m[nio-9999-exec-3][0;39m [36mc.ssafy.vue.controller.BoardController  [0;39m [2m:[0;39m listWishId - 호출
[2m2022-11-23 01:23:39.865[0;39m [32m INFO[0;39m [35m18676[0;39m [2m---[0;39m [2m[nio-9999-exec-1][0;39m [36mc.ssafy.vue.controller.BoardController  [0;39m [2m:[0;39m listWishId - 호출
[2m2022-11-23 01:24:04.889[0;39m [32m INFO[0;39m [35m18676[0;39m [2m---[0;39m [2m[nio-9999-exec-7][0;39m [36mc.ssafy.vue.controller.BoardController  [0;39m [2m:[0;39m listWishId - 호출
[2m2022-11-23 01:24:06.793[0;39m [32m INFO[0;39m [35m18676[0;39m [2m---[0;39m [2m[nio-9999-exec-2][0;39m [36mc.ssafy.vue.controller.BoardController  [0;39m [2m:[0;39m listArticle - 호출
[2m2022-11-23 01:24:06.801[0;39m [32m INFO[0;39m [35m18676[0;39m [2m---[0;39m [2m[nio-9999-exec-9][0;39m [36mc.s.vue.controller.TrafficController    [0;39m [2m:[0;39m listBusStop - 호출
[2m2022-11-23 01:24:06.801[0;39m [32m INFO[0;39m [35m18676[0;39m [2m---[0;39m [2m[nio-9999-exec-1][0;39m [36mc.s.vue.controller.TrafficController    [0;39m [2m:[0;39m listSubway - 호출
[2m2022-11-23 01:24:08.294[0;39m [32m INFO[0;39m [35m18676[0;39m [2m---[0;39m [2m[nio-9999-exec-6][0;39m [36mc.ssafy.vue.controller.BoardController  [0;39m [2m:[0;39m listWishId - 호출
[2m2022-11-23 01:24:14.952[0;39m [32m INFO[0;39m [35m18676[0;39m [2m---[0;39m [2m[io-9999-exec-10][0;39m [36mc.ssafy.vue.controller.BoardController  [0;39m [2m:[0;39m listWishId - 호출
[2m2022-11-23 01:24:18.048[0;39m [32m INFO[0;39m [35m18676[0;39m [2m---[0;39m [2m[nio-9999-exec-3][0;39m [36mc.ssafy.vue.controller.BoardController  [0;39m [2m:[0;39m listWishId - 호출
[2m2022-11-23 01:24:20.943[0;39m [32m INFO[0;39m [35m18676[0;39m [2m---[0;39m [2m[nio-9999-exec-2][0;39m [36mc.ssafy.vue.controller.BoardController  [0;39m [2m:[0;39m listArticle - 호출
[2m2022-11-23 01:24:20.953[0;39m [32m INFO[0;39m [35m18676[0;39m [2m---[0;39m [2m[io-9999-exec-10][0;39m [36mc.s.vue.controller.TrafficController    [0;39m [2m:[0;39m listBusStop - 호출
[2m2022-11-23 01:24:20.953[0;39m [32m INFO[0;39m [35m18676[0;39m [2m---[0;39m [2m[nio-9999-exec-9][0;39m [36mc.s.vue.controller.TrafficController    [0;39m [2m:[0;39m listSubway - 호출
[2m2022-11-23 01:24:22.324[0;39m [32m INFO[0;39m [35m18676[0;39m [2m---[0;39m [2m[nio-9999-exec-8][0;39m [36mc.ssafy.vue.controller.BoardController  [0;39m [2m:[0;39m listWishId - 호출
[2m2022-11-23 01:24:41.162[0;39m [32m INFO[0;39m [35m18676[0;39m [2m---[0;39m [2m[nio-9999-exec-7][0;39m [36mc.ssafy.vue.controller.BoardController  [0;39m [2m:[0;39m listWishId - 호출
[2m2022-11-23 01:28:49.359[0;39m [32m INFO[0;39m [35m18676[0;39m [2m---[0;39m [2m[nio-9999-exec-8][0;39m [36mc.ssafy.vue.controller.BoardController  [0;39m [2m:[0;39m listWishId - 호출
[2m2022-11-23 01:29:42.713[0;39m [32m INFO[0;39m [35m18676[0;39m [2m---[0;39m [2m[nio-9999-exec-6][0;39m [36mc.ssafy.vue.controller.BoardController  [0;39m [2m:[0;39m listWishId - 호출
[2m2022-11-23 01:29:46.202[0;39m [32m INFO[0;39m [35m18676[0;39m [2m---[0;39m [2m[nio-9999-exec-1][0;39m [36mc.ssafy.vue.controller.BoardController  [0;39m [2m:[0;39m listWishId - 호출
[2m2022-11-23 01:36:27.764[0;39m [32m INFO[0;39m [35m18676[0;39m [2m---[0;39m [2m[nio-9999-exec-7][0;39m [36mc.ssafy.vue.controller.BoardController  [0;39m [2m:[0;39m listWishId - 호출
[2m2022-11-23 01:37:42.381[0;39m [32m INFO[0;39m [35m18676[0;39m [2m---[0;39m [2m[nio-9999-exec-2][0;39m [36mc.ssafy.vue.controller.BoardController  [0;39m [2m:[0;39m listWishId - 호출
[2m2022-11-23 01:37:54.547[0;39m [32m INFO[0;39m [35m18676[0;39m [2m---[0;39m [2m[nio-9999-exec-9][0;39m [36mc.ssafy.vue.controller.BoardController  [0;39m [2m:[0;39m listWishId - 호출
[2m2022-11-23 01:38:00.592[0;39m [32m INFO[0;39m [35m18676[0;39m [2m---[0;39m [2m[nio-9999-exec-4][0;39m [36mc.ssafy.vue.controller.BoardController  [0;39m [2m:[0;39m listArticle - 호출
[2m2022-11-23 01:38:00.600[0;39m [32m INFO[0;39m [35m18676[0;39m [2m---[0;39m [2m[nio-9999-exec-8][0;39m [36mc.s.vue.controller.TrafficController    [0;39m [2m:[0;39m listSubway - 호출
[2m2022-11-23 01:38:00.600[0;39m [32m INFO[0;39m [35m18676[0;39m [2m---[0;39m [2m[nio-9999-exec-3][0;39m [36mc.s.vue.controller.TrafficController    [0;39m [2m:[0;39m listBusStop - 호출
[2m2022-11-23 01:38:03.575[0;39m [32m INFO[0;39m [35m18676[0;39m [2m---[0;39m [2m[io-9999-exec-10][0;39m [36mc.ssafy.vue.controller.BoardController  [0;39m [2m:[0;39m listWishId - 호출
[2m2022-11-23 01:38:11.280[0;39m [32m INFO[0;39m [35m18676[0;39m [2m---[0;39m [2m[nio-9999-exec-1][0;39m [36mc.ssafy.vue.controller.BoardController  [0;39m [2m:[0;39m listWishId - 호출
[2m2022-11-23 01:38:15.798[0;39m [32m INFO[0;39m [35m18676[0;39m [2m---[0;39m [2m[nio-9999-exec-2][0;39m [36mc.ssafy.vue.controller.BoardController  [0;39m [2m:[0;39m listArticle - 호출
[2m2022-11-23 01:38:15.809[0;39m [32m INFO[0;39m [35m18676[0;39m [2m---[0;39m [2m[nio-9999-exec-9][0;39m [36mc.s.vue.controller.TrafficController    [0;39m [2m:[0;39m listSubway - 호출
[2m2022-11-23 01:38:15.809[0;39m [32m INFO[0;39m [35m18676[0;39m [2m---[0;39m [2m[io-9999-exec-10][0;39m [36mc.s.vue.controller.TrafficController    [0;39m [2m:[0;39m listBusStop - 호출
[2m2022-11-23 01:38:20.150[0;39m [32m INFO[0;39m [35m18676[0;39m [2m---[0;39m [2m[nio-9999-exec-5][0;39m [36mc.ssafy.vue.controller.BoardController  [0;39m [2m:[0;39m listWishId - 호출
[2m2022-11-23 01:38:29.098[0;39m [32m INFO[0;39m [35m18676[0;39m [2m---[0;39m [2m[nio-9999-exec-6][0;39m [36mc.ssafy.vue.controller.BoardController  [0;39m [2m:[0;39m listWishId - 호출
[2m2022-11-23 01:40:37.108[0;39m [32m INFO[0;39m [35m18676[0;39m [2m---[0;39m [2m[nio-9999-exec-5][0;39m [36mc.ssafy.vue.controller.BoardController  [0;39m [2m:[0;39m listArticle - 호출
[2m2022-11-23 01:40:37.115[0;39m [32m INFO[0;39m [35m18676[0;39m [2m---[0;39m [2m[nio-9999-exec-1][0;39m [36mc.s.vue.controller.TrafficController    [0;39m [2m:[0;39m listBusStop - 호출
[2m2022-11-23 01:40:37.115[0;39m [32m INFO[0;39m [35m18676[0;39m [2m---[0;39m [2m[nio-9999-exec-8][0;39m [36mc.s.vue.controller.TrafficController    [0;39m [2m:[0;39m listSubway - 호출
[2m2022-11-23 01:40:40.248[0;39m [32m INFO[0;39m [35m18676[0;39m [2m---[0;39m [2m[nio-9999-exec-7][0;39m [36mc.ssafy.vue.controller.BoardController  [0;39m [2m:[0;39m listWishId - 호출
[2m2022-11-23 01:40:52.279[0;39m [32m INFO[0;39m [35m18676[0;39m [2m---[0;39m [2m[nio-9999-exec-3][0;39m [36mc.ssafy.vue.controller.BoardController  [0;39m [2m:[0;39m listWishId - 호출
[2m2022-11-23 01:40:56.966[0;39m [32m INFO[0;39m [35m18676[0;39m [2m---[0;39m [2m[io-9999-exec-10][0;39m [36mc.ssafy.vue.controller.BoardController  [0;39m [2m:[0;39m listWishId - 호출
[2m2022-11-23 01:41:02.703[0;39m [32m INFO[0;39m [35m18676[0;39m [2m---[0;39m [2m[nio-9999-exec-6][0;39m [36mc.ssafy.vue.controller.BoardController  [0;39m [2m:[0;39m listArticle - 호출
[2m2022-11-23 01:41:02.710[0;39m [32m INFO[0;39m [35m18676[0;39m [2m---[0;39m [2m[nio-9999-exec-3][0;39m [36mc.s.vue.controller.TrafficController    [0;39m [2m:[0;39m listBusStop - 호출
[2m2022-11-23 01:41:02.710[0;39m [32m INFO[0;39m [35m18676[0;39m [2m---[0;39m [2m[nio-9999-exec-5][0;39m [36mc.s.vue.controller.TrafficController    [0;39m [2m:[0;39m listSubway - 호출
[2m2022-11-23 01:41:04.996[0;39m [32m INFO[0;39m [35m18676[0;39m [2m---[0;39m [2m[nio-9999-exec-8][0;39m [36mc.ssafy.vue.controller.BoardController  [0;39m [2m:[0;39m listWishId - 호출
[2m2022-11-23 01:41:12.560[0;39m [32m INFO[0;39m [35m18676[0;39m [2m---[0;39m [2m[nio-9999-exec-4][0;39m [36mc.ssafy.vue.controller.BoardController  [0;39m [2m:[0;39m listWishId - 호출
[2m2022-11-23 01:41:23.838[0;39m [32m INFO[0;39m [35m18676[0;39m [2m---[0;39m [2m[nio-9999-exec-9][0;39m [36mc.ssafy.vue.controller.BoardController  [0;39m [2m:[0;39m listWishId - 호출
[2m2022-11-23 01:41:25.668[0;39m [32m INFO[0;39m [35m18676[0;39m [2m---[0;39m [2m[nio-9999-exec-5][0;39m [36mc.ssafy.vue.controller.BoardController  [0;39m [2m:[0;39m listWishId - 호출
[2m2022-11-23 01:41:44.951[0;39m [32m INFO[0;39m [35m18676[0;39m [2m---[0;39m [2m[nio-9999-exec-6][0;39m [36mc.ssafy.vue.controller.BoardController  [0;39m [2m:[0;39m listWishId - 호출
[2m2022-11-23 01:42:00.383[0;39m [32m INFO[0;39m [35m18676[0;39m [2m---[0;39m [2m[io-9999-exec-10][0;39m [36mc.ssafy.vue.controller.BoardController  [0;39m [2m:[0;39m listWishId - 호출
[2m2022-11-23 01:42:02.903[0;39m [32m INFO[0;39m [35m18676[0;39m [2m---[0;39m [2m[io-9999-exec-10][0;39m [36mc.ssafy.vue.controller.BoardController  [0;39m [2m:[0;39m listWishId - 호출
[2m2022-11-23 01:42:04.878[0;39m [32m INFO[0;39m [35m18676[0;39m [2m---[0;39m [2m[nio-9999-exec-9][0;39m [36mc.ssafy.vue.controller.BoardController  [0;39m [2m:[0;39m listWishId - 호출
[2m2022-11-23 01:42:09.730[0;39m [32m INFO[0;39m [35m18676[0;39m [2m---[0;39m [2m[nio-9999-exec-5][0;39m [36mc.ssafy.vue.controller.BoardController  [0;39m [2m:[0;39m listWishId - 호출
[2m2022-11-23 01:42:11.153[0;39m [32m INFO[0;39m [35m18676[0;39m [2m---[0;39m [2m[nio-9999-exec-7][0;39m [36mc.ssafy.vue.controller.BoardController  [0;39m [2m:[0;39m listWishId - 호출
[2m2022-11-23 01:42:14.217[0;39m [32m INFO[0;39m [35m18676[0;39m [2m---[0;39m [2m[nio-9999-exec-5][0;39m [36mc.ssafy.vue.controller.BoardController  [0;39m [2m:[0;39m listArticle - 호출
[2m2022-11-23 01:42:14.224[0;39m [32m INFO[0;39m [35m18676[0;39m [2m---[0;39m [2m[nio-9999-exec-3][0;39m [36mc.s.vue.controller.TrafficController    [0;39m [2m:[0;39m listBusStop - 호출
[2m2022-11-23 01:42:14.225[0;39m [32m INFO[0;39m [35m18676[0;39m [2m---[0;39m [2m[nio-9999-exec-8][0;39m [36mc.s.vue.controller.TrafficController    [0;39m [2m:[0;39m listSubway - 호출
[2m2022-11-23 01:42:16.584[0;39m [32m INFO[0;39m [35m18676[0;39m [2m---[0;39m [2m[nio-9999-exec-4][0;39m [36mc.ssafy.vue.controller.BoardController  [0;39m [2m:[0;39m listWishId - 호출
[2m2022-11-23 01:43:33.698[0;39m [32m INFO[0;39m [35m18676[0;39m [2m---[0;39m [2m[io-9999-exec-10][0;39m [36mc.ssafy.vue.controller.BoardController  [0;39m [2m:[0;39m listWishId - 호출
[2m2022-11-23 01:50:00.631[0;39m [32m INFO[0;39m [35m18676[0;39m [2m---[0;39m [2m[nio-9999-exec-7][0;39m [36mc.ssafy.vue.controller.BoardController  [0;39m [2m:[0;39m listWishId - 호출
[2m2022-11-23 01:50:05.956[0;39m [32m INFO[0;39m [35m18676[0;39m [2m---[0;39m [2m[nio-9999-exec-8][0;39m [36mc.ssafy.vue.controller.BoardController  [0;39m [2m:[0;39m listWishId - 호출
[2m2022-11-23 02:00:42.887[0;39m [32mDEBUG[0;39m [35m18676[0;39m [2m---[0;39m [2m[nio-9999-exec-1][0;39m [36mc.ssafy.vue.controller.MemberController [0;39m [2m:[0;39m 로그인 accessToken 정보 : eyJ0eXAiOiJKV1QiLCJyZWdEYXRlIjoxNjY5MTM2NDQyODg0LCJhbGciOiJIUzI1NiJ9.eyJleHAiOjE2NjkxMzY0NTIsInN1YiI6ImFjY2Vzcy10b2tlbiIsInVzZXJpZCI6InNzYWZ5In0.Xbzdg_bf1smObfrSbQ0dRO1UVxTS3rRJHmwcT1tB7-I
[2m2022-11-23 02:00:42.887[0;39m [32mDEBUG[0;39m [35m18676[0;39m [2m---[0;39m [2m[nio-9999-exec-1][0;39m [36mc.ssafy.vue.controller.MemberController [0;39m [2m:[0;39m 로그인 refreshToken 정보 : eyJ0eXAiOiJKV1QiLCJyZWdEYXRlIjoxNjY5MTM2NDQyODg0LCJhbGciOiJIUzI1NiJ9.eyJleHAiOjE2NjkxMzY0NzIsInN1YiI6InJlZnJlc2gtdG9rZW4iLCJ1c2VyaWQiOiJzc2FmeSJ9.wuUF2JqfuxgtqkwWtJ8PrW0SxeupoLmtSlkOzRQNyg4
[2m2022-11-23 02:00:42.893[0;39m [32m INFO[0;39m [35m18676[0;39m [2m---[0;39m [2m[nio-9999-exec-2][0;39m [36mc.ssafy.vue.controller.MemberController [0;39m [2m:[0;39m 사용 가능한 토큰!!!
[2m2022-11-23 02:00:43.603[0;39m [32m INFO[0;39m [35m18676[0;39m [2m---[0;39m [2m[io-9999-exec-10][0;39m [36mc.ssafy.vue.controller.MemberController [0;39m [2m:[0;39m 사용 가능한 토큰!!!
[2m2022-11-23 02:01:48.989[0;39m [32mDEBUG[0;39m [35m18676[0;39m [2m---[0;39m [2m[nio-9999-exec-5][0;39m [36mc.ssafy.vue.controller.MemberController [0;39m [2m:[0;39m 로그인 accessToken 정보 : eyJ0eXAiOiJKV1QiLCJyZWdEYXRlIjoxNjY5MTM2NTA4OTc4LCJhbGciOiJIUzI1NiJ9.eyJleHAiOjE2NjkxMzY1MTgsInN1YiI6ImFjY2Vzcy10b2tlbiIsInVzZXJpZCI6InNzYWZ5In0.WiIULX3LKmPvnTIKeM6UWBV1LLfGwKTzyYUr66uyoxU
[2m2022-11-23 02:01:48.989[0;39m [32mDEBUG[0;39m [35m18676[0;39m [2m---[0;39m [2m[nio-9999-exec-5][0;39m [36mc.ssafy.vue.controller.MemberController [0;39m [2m:[0;39m 로그인 refreshToken 정보 : eyJ0eXAiOiJKV1QiLCJyZWdEYXRlIjoxNjY5MTM2NTA4OTc5LCJhbGciOiJIUzI1NiJ9.eyJleHAiOjE2NjkxMzY1MzgsInN1YiI6InJlZnJlc2gtdG9rZW4iLCJ1c2VyaWQiOiJzc2FmeSJ9.fK4-wpXUiGsz22FrxPd05ufZD18GhSZgsqwslT4DSeI
[2m2022-11-23 02:01:48.992[0;39m [32m INFO[0;39m [35m18676[0;39m [2m---[0;39m [2m[nio-9999-exec-7][0;39m [36mc.ssafy.vue.controller.MemberController [0;39m [2m:[0;39m 사용 가능한 토큰!!!
[2m2022-11-23 02:01:50.603[0;39m [32m INFO[0;39m [35m18676[0;39m [2m---[0;39m [2m[nio-9999-exec-3][0;39m [36mc.ssafy.vue.controller.BoardController  [0;39m [2m:[0;39m listWishId - 호출
[2m2022-11-23 02:02:30.999[0;39m [32m INFO[0;39m [35m18676[0;39m [2m---[0;39m [2m[nio-9999-exec-1][0;39m [36mc.ssafy.vue.controller.BoardController  [0;39m [2m:[0;39m listWishId - 호출
[2m2022-11-23 02:02:31.004[0;39m [32m INFO[0;39m [35m18676[0;39m [2m---[0;39m [2m[nio-9999-exec-4][0;39m [36mc.ssafy.vue.controller.BoardController  [0;39m [2m:[0;39m listWishId - 호출
[2m2022-11-23 02:02:37.205[0;39m [32m INFO[0;39m [35m18676[0;39m [2m---[0;39m [2m[nio-9999-exec-8][0;39m [36mc.ssafy.vue.controller.BoardController  [0;39m [2m:[0;39m listWishId - 호출
[2m2022-11-23 02:02:37.208[0;39m [32m INFO[0;39m [35m18676[0;39m [2m---[0;39m [2m[nio-9999-exec-9][0;39m [36mc.ssafy.vue.controller.BoardController  [0;39m [2m:[0;39m listWishId - 호출
[2m2022-11-23 02:02:41.688[0;39m [32m INFO[0;39m [35m18676[0;39m [2m---[0;39m [2m[nio-9999-exec-1][0;39m [36mc.ssafy.vue.controller.BoardController  [0;39m [2m:[0;39m listWishId - 호출
[2m2022-11-23 02:02:41.693[0;39m [32m INFO[0;39m [35m18676[0;39m [2m---[0;39m [2m[nio-9999-exec-9][0;39m [36mc.ssafy.vue.controller.BoardController  [0;39m [2m:[0;39m listWishId - 호출
[2m2022-11-23 02:03:22.734[0;39m [32m INFO[0;39m [35m18676[0;39m [2m---[0;39m [2m[nio-9999-exec-8][0;39m [36mc.ssafy.vue.controller.BoardController  [0;39m [2m:[0;39m listWishId - 호출
[2m2022-11-23 02:03:22.738[0;39m [32m INFO[0;39m [35m18676[0;39m [2m---[0;39m [2m[nio-9999-exec-3][0;39m [36mc.ssafy.vue.controller.BoardController  [0;39m [2m:[0;39m listWishId - 호출
[2m2022-11-23 02:03:42.299[0;39m [32m INFO[0;39m [35m18676[0;39m [2m---[0;39m [2m[io-9999-exec-10][0;39m [36mc.ssafy.vue.controller.BoardController  [0;39m [2m:[0;39m listWishId - 호출
[2m2022-11-23 02:03:42.303[0;39m [32m INFO[0;39m [35m18676[0;39m [2m---[0;39m [2m[nio-9999-exec-2][0;39m [36mc.ssafy.vue.controller.BoardController  [0;39m [2m:[0;39m listWishId - 호출
[2m2022-11-23 02:04:04.627[0;39m [32m INFO[0;39m [35m18676[0;39m [2m---[0;39m [2m[nio-9999-exec-6][0;39m [36mc.ssafy.vue.controller.BoardController  [0;39m [2m:[0;39m listWishId - 호출
[2m2022-11-23 02:04:04.631[0;39m [32m INFO[0;39m [35m18676[0;39m [2m---[0;39m [2m[io-9999-exec-10][0;39m [36mc.ssafy.vue.controller.BoardController  [0;39m [2m:[0;39m listWishId - 호출
[2m2022-11-23 02:04:21.416[0;39m [32m INFO[0;39m [35m18676[0;39m [2m---[0;39m [2m[nio-9999-exec-6][0;39m [36mc.ssafy.vue.controller.BoardController  [0;39m [2m:[0;39m listWishId - 호출
[2m2022-11-23 02:04:21.420[0;39m [32m INFO[0;39m [35m18676[0;39m [2m---[0;39m [2m[nio-9999-exec-8][0;39m [36mc.ssafy.vue.controller.BoardController  [0;39m [2m:[0;39m listWishId - 호출
[2m2022-11-23 02:04:57.039[0;39m [32m INFO[0;39m [35m18676[0;39m [2m---[0;39m [2m[nio-9999-exec-6][0;39m [36mc.ssafy.vue.controller.BoardController  [0;39m [2m:[0;39m listWishId - 호출
[2m2022-11-23 02:08:05.986[0;39m [32m INFO[0;39m [35m18676[0;39m [2m---[0;39m [2m[nio-9999-exec-1][0;39m [36mc.ssafy.vue.controller.BoardController  [0;39m [2m:[0;39m listWishId - 호출
[2m2022-11-23 02:08:05.990[0;39m [32m INFO[0;39m [35m18676[0;39m [2m---[0;39m [2m[nio-9999-exec-4][0;39m [36mc.ssafy.vue.controller.BoardController  [0;39m [2m:[0;39m listWishId - 호출
[2m2022-11-23 02:09:27.812[0;39m [32mDEBUG[0;39m [35m18676[0;39m [2m---[0;39m [2m[nio-9999-exec-1][0;39m [36mc.ssafy.vue.controller.MemberController [0;39m [2m:[0;39m 로그인 accessToken 정보 : eyJ0eXAiOiJKV1QiLCJyZWdEYXRlIjoxNjY5MTM2OTY3ODA5LCJhbGciOiJIUzI1NiJ9.eyJleHAiOjE2NjkxMzY5NzcsInN1YiI6ImFjY2Vzcy10b2tlbiIsInVzZXJpZCI6InNzYWZ5In0.W2LB9rKj3ch7wH8EzA0LmfQcSg3Paxhhtn0u8LejJ-w
[2m2022-11-23 02:09:27.812[0;39m [32mDEBUG[0;39m [35m18676[0;39m [2m---[0;39m [2m[nio-9999-exec-1][0;39m [36mc.ssafy.vue.controller.MemberController [0;39m [2m:[0;39m 로그인 refreshToken 정보 : eyJ0eXAiOiJKV1QiLCJyZWdEYXRlIjoxNjY5MTM2OTY3ODA5LCJhbGciOiJIUzI1NiJ9.eyJleHAiOjE2NjkxMzY5OTcsInN1YiI6InJlZnJlc2gtdG9rZW4iLCJ1c2VyaWQiOiJzc2FmeSJ9.ahX4KtBD63t5Uo4Q-r6-aWYGmV2DZkerYTh5dhawQg4
[2m2022-11-23 02:09:27.815[0;39m [32m INFO[0;39m [35m18676[0;39m [2m---[0;39m [2m[nio-9999-exec-5][0;39m [36mc.ssafy.vue.controller.MemberController [0;39m [2m:[0;39m 사용 가능한 토큰!!!
[2m2022-11-23 02:09:30.392[0;39m [32m INFO[0;39m [35m18676[0;39m [2m---[0;39m [2m[nio-9999-exec-4][0;39m [36mc.ssafy.vue.controller.BoardController  [0;39m [2m:[0;39m listArticle - 호출
[2m2022-11-23 02:09:30.392[0;39m [32m INFO[0;39m [35m18676[0;39m [2m---[0;39m [2m[nio-9999-exec-9][0;39m [36mc.s.vue.controller.TrafficController    [0;39m [2m:[0;39m listBusStop - 호출
[2m2022-11-23 02:09:30.393[0;39m [32m INFO[0;39m [35m18676[0;39m [2m---[0;39m [2m[nio-9999-exec-7][0;39m [36mc.s.vue.controller.TrafficController    [0;39m [2m:[0;39m listSubway - 호출
[2m2022-11-23 02:09:34.918[0;39m [32m INFO[0;39m [35m18676[0;39m [2m---[0;39m [2m[nio-9999-exec-3][0;39m [36mc.ssafy.vue.controller.BoardController  [0;39m [2m:[0;39m listWishId - 호출
[2m2022-11-23 02:09:43.771[0;39m [32m INFO[0;39m [35m18676[0;39m [2m---[0;39m [2m[nio-9999-exec-1][0;39m [36mc.ssafy.vue.controller.BoardController  [0;39m [2m:[0;39m listWishId - 호출
[2m2022-11-23 02:09:58.411[0;39m [32m INFO[0;39m [35m18676[0;39m [2m---[0;39m [2m[nio-9999-exec-2][0;39m [36mc.ssafy.vue.controller.BoardController  [0;39m [2m:[0;39m listArticle - 호출
[2m2022-11-23 02:09:58.425[0;39m [32m INFO[0;39m [35m18676[0;39m [2m---[0;39m [2m[nio-9999-exec-3][0;39m [36mc.s.vue.controller.TrafficController    [0;39m [2m:[0;39m listBusStop - 호출
[2m2022-11-23 02:09:58.425[0;39m [32m INFO[0;39m [35m18676[0;39m [2m---[0;39m [2m[nio-9999-exec-8][0;39m [36mc.s.vue.controller.TrafficController    [0;39m [2m:[0;39m listSubway - 호출
[2m2022-11-23 02:09:59.762[0;39m [32m INFO[0;39m [35m18676[0;39m [2m---[0;39m [2m[nio-9999-exec-6][0;39m [36mc.ssafy.vue.controller.BoardController  [0;39m [2m:[0;39m listWishId - 호출
[2m2022-11-23 02:10:01.745[0;39m [32m INFO[0;39m [35m18676[0;39m [2m---[0;39m [2m[nio-9999-exec-7][0;39m [36mc.ssafy.vue.controller.BoardController  [0;39m [2m:[0;39m listWishId - 호출
[2m2022-11-23 02:10:04.985[0;39m [32m INFO[0;39m [35m18676[0;39m [2m---[0;39m [2m[nio-9999-exec-3][0;39m [36mc.ssafy.vue.controller.BoardController  [0;39m [2m:[0;39m listWishId - 호출
[2m2022-11-23 02:11:08.031[0;39m [32m INFO[0;39m [35m18676[0;39m [2m---[0;39m [2m[nio-9999-exec-2][0;39m [36mc.s.vue.controller.HouseMapController   [0;39m [2m:[0;39m sido - 호출
[2m2022-11-23 02:11:09.919[0;39m [32m INFO[0;39m [35m18676[0;39m [2m---[0;39m [2m[nio-9999-exec-6][0;39m [36mc.ssafy.vue.controller.BoardController  [0;39m [2m:[0;39m chkExistWish - 호출
[2m2022-11-23 02:12:52.751[0;39m [32m INFO[0;39m [35m18676[0;39m [2m---[0;39m [2m[nio-9999-exec-7][0;39m [36mc.s.vue.controller.HouseMapController   [0;39m [2m:[0;39m sido - 호출
[2m2022-11-23 02:14:39.525[0;39m [32m INFO[0;39m [35m18676[0;39m [2m---[0;39m [2m[nio-9999-exec-5][0;39m [36mc.ssafy.vue.controller.BoardController  [0;39m [2m:[0;39m listArticle - 호출
[2m2022-11-23 02:14:39.536[0;39m [32m INFO[0;39m [35m18676[0;39m [2m---[0;39m [2m[nio-9999-exec-3][0;39m [36mc.s.vue.controller.TrafficController    [0;39m [2m:[0;39m listBusStop - 호출
[2m2022-11-23 02:14:39.536[0;39m [32m INFO[0;39m [35m18676[0;39m [2m---[0;39m [2m[nio-9999-exec-6][0;39m [36mc.s.vue.controller.TrafficController    [0;39m [2m:[0;39m listSubway - 호출
[2m2022-11-23 02:14:41.330[0;39m [32m INFO[0;39m [35m18676[0;39m [2m---[0;39m [2m[nio-9999-exec-9][0;39m [36mc.ssafy.vue.controller.BoardController  [0;39m [2m:[0;39m listArticle - 호출
[2m2022-11-23 02:14:41.987[0;39m [32m INFO[0;39m [35m18676[0;39m [2m---[0;39m [2m[nio-9999-exec-7][0;39m [36mc.ssafy.vue.controller.BoardController  [0;39m [2m:[0;39m listArticle - 호출
[2m2022-11-23 02:14:42.448[0;39m [32m INFO[0;39m [35m18676[0;39m [2m---[0;39m [2m[nio-9999-exec-8][0;39m [36mc.ssafy.vue.controller.BoardController  [0;39m [2m:[0;39m listArticle - 호출
[2m2022-11-23 02:14:44.125[0;39m [32m INFO[0;39m [35m18676[0;39m [2m---[0;39m [2m[nio-9999-exec-6][0;39m [36mc.ssafy.vue.controller.BoardController  [0;39m [2m:[0;39m listArticle - 호출
[2m2022-11-23 02:14:45.038[0;39m [32m INFO[0;39m [35m18676[0;39m [2m---[0;39m [2m[nio-9999-exec-2][0;39m [36mc.ssafy.vue.controller.BoardController  [0;39m [2m:[0;39m listArticle - 호출
[2m2022-11-23 02:14:46.295[0;39m [32m INFO[0;39m [35m18676[0;39m [2m---[0;39m [2m[nio-9999-exec-1][0;39m [36mc.ssafy.vue.controller.BoardController  [0;39m [2m:[0;39m listArticle - 호출
[2m2022-11-23 02:15:30.730[0;39m [32m INFO[0;39m [35m18676[0;39m [2m---[0;39m [2m[nio-9999-exec-7][0;39m [36mc.ssafy.vue.controller.BoardController  [0;39m [2m:[0;39m listWishId - 호출
[2m2022-11-23 02:16:17.105[0;39m [31mERROR[0;39m [35m18676[0;39m [2m---[0;39m [2m[nio-9999-exec-5][0;39m [36mc.s.vue.model.service.JwtServiceImpl    [0;39m [2m:[0;39m JWT expired at 2022-11-23T02:09:37Z. Current time: 2022-11-23T02:16:17Z, a difference of 400105 milliseconds.  Allowed clock skew: 0 milliseconds.
[2m2022-11-23 02:16:17.105[0;39m [31mERROR[0;39m [35m18676[0;39m [2m---[0;39m [2m[nio-9999-exec-5][0;39m [36mc.ssafy.vue.controller.MemberController [0;39m [2m:[0;39m 사용 불가능 토큰!!!
[2m2022-11-23 02:16:17.110[0;39m [32mDEBUG[0;39m [35m18676[0;39m [2m---[0;39m [2m[nio-9999-exec-3][0;39m [36mc.ssafy.vue.controller.MemberController [0;39m [2m:[0;39m token : eyJ0eXAiOiJKV1QiLCJyZWdEYXRlIjoxNjY5MTM2OTY3ODA5LCJhbGciOiJIUzI1NiJ9.eyJleHAiOjE2NjkxMzY5OTcsInN1YiI6InJlZnJlc2gtdG9rZW4iLCJ1c2VyaWQiOiJzc2FmeSJ9.ahX4KtBD63t5Uo4Q-r6-aWYGmV2DZkerYTh5dhawQg4, memberDto : com.ssafy.vue.model.MemberDto@19d92044
[2m2022-11-23 02:16:17.110[0;39m [31mERROR[0;39m [35m18676[0;39m [2m---[0;39m [2m[nio-9999-exec-3][0;39m [36mc.s.vue.model.service.JwtServiceImpl    [0;39m [2m:[0;39m JWT expired at 2022-11-23T02:09:57Z. Current time: 2022-11-23T02:16:17Z, a difference of 380110 milliseconds.  Allowed clock skew: 0 milliseconds.
[2m2022-11-23 02:16:17.110[0;39m [32mDEBUG[0;39m [35m18676[0;39m [2m---[0;39m [2m[nio-9999-exec-3][0;39m [36mc.ssafy.vue.controller.MemberController [0;39m [2m:[0;39m 리프레쉬토큰도 사용불!!!!!!!
[2m2022-11-23 02:16:18.831[0;39m [32mDEBUG[0;39m [35m18676[0;39m [2m---[0;39m [2m[nio-9999-exec-8][0;39m [36mc.ssafy.vue.controller.MemberController [0;39m [2m:[0;39m 로그인 accessToken 정보 : eyJ0eXAiOiJKV1QiLCJyZWdEYXRlIjoxNjY5MTM3Mzc4ODIxLCJhbGciOiJIUzI1NiJ9.eyJleHAiOjE2NjkxMzczODgsInN1YiI6ImFjY2Vzcy10b2tlbiIsInVzZXJpZCI6InNzYWZ5In0.NlbalIK3IV4a8GMeKwIz5S2pn2_j81tp5Cjo03lxSBY
[2m2022-11-23 02:16:18.831[0;39m [32mDEBUG[0;39m [35m18676[0;39m [2m---[0;39m [2m[nio-9999-exec-8][0;39m [36mc.ssafy.vue.controller.MemberController [0;39m [2m:[0;39m 로그인 refreshToken 정보 : eyJ0eXAiOiJKV1QiLCJyZWdEYXRlIjoxNjY5MTM3Mzc4ODIxLCJhbGciOiJIUzI1NiJ9.eyJleHAiOjE2NjkxMzc0MDgsInN1YiI6InJlZnJlc2gtdG9rZW4iLCJ1c2VyaWQiOiJzc2FmeSJ9.hQ5WMbV9fOxEPi4km_bZdM534USvGfiroQ_a5eYB834
[2m2022-11-23 02:16:18.838[0;39m [32m INFO[0;39m [35m18676[0;39m [2m---[0;39m [2m[io-9999-exec-10][0;39m [36mc.ssafy.vue.controller.MemberController [0;39m [2m:[0;39m 사용 가능한 토큰!!!
[2m2022-11-23 02:16:19.302[0;39m [32m INFO[0;39m [35m18676[0;39m [2m---[0;39m [2m[nio-9999-exec-6][0;39m [36mc.ssafy.vue.controller.MemberController [0;39m [2m:[0;39m 사용 가능한 토큰!!!
[2m2022-11-23 02:16:24.115[0;39m [32m INFO[0;39m [35m18676[0;39m [2m---[0;39m [2m[nio-9999-exec-5][0;39m [36mc.ssafy.vue.controller.BoardController  [0;39m [2m:[0;39m listWishId - 호출
[2m2022-11-23 02:16:28.768[0;39m [32m INFO[0;39m [35m18676[0;39m [2m---[0;39m [2m[nio-9999-exec-7][0;39m [36mc.ssafy.vue.controller.BoardController  [0;39m [2m:[0;39m listArticle - 호출
[2m2022-11-23 02:16:28.774[0;39m [32m INFO[0;39m [35m18676[0;39m [2m---[0;39m [2m[nio-9999-exec-8][0;39m [36mc.s.vue.controller.TrafficController    [0;39m [2m:[0;39m listBusStop - 호출
[2m2022-11-23 02:16:28.775[0;39m [32m INFO[0;39m [35m18676[0;39m [2m---[0;39m [2m[nio-9999-exec-4][0;39m [36mc.s.vue.controller.TrafficController    [0;39m [2m:[0;39m listSubway - 호출
[2m2022-11-23 02:16:40.273[0;39m [32m INFO[0;39m [35m18676[0;39m [2m---[0;39m [2m[io-9999-exec-10][0;39m [36mc.s.vue.controller.HouseMapController   [0;39m [2m:[0;39m sido - 호출
[2m2022-11-23 02:16:42.321[0;39m [32m INFO[0;39m [35m18676[0;39m [2m---[0;39m [2m[nio-9999-exec-3][0;39m [36mc.ssafy.vue.controller.BoardController  [0;39m [2m:[0;39m chkExistWish - 호출
